#
# There is insufficient memory for the Java Runtime Environment to continue.
# Native memory allocation (malloc) failed to allocate 800400 bytes. Error detail: Chunk::new
# Possible reasons:
#   The system is out of physical RAM or swap space
#   This process is running with CompressedOops enabled, and the Java Heap may be blocking the growth of the native heap
# Possible solutions:
#   Reduce memory load on the system
#   Increase physical memory or swap space
#   Check if swap backing store is full
#   Decrease Java heap size (-Xmx/-Xms)
#   Decrease number of Java threads
#   Decrease Java thread stack sizes (-Xss)
#   Set larger code cache with -XX:ReservedCodeCacheSize=
#   JVM is running with Zero Based Compressed Oops mode in which the Java heap is
#     placed in the first 32GB address space. The Java Heap base address is the
#     maximum limit for the native heap growth. Please use -XX:HeapBaseMinAddress
#     to set the Java Heap base and to place the Java Heap above 32GB virtual address.
# This output file may be truncated or incomplete.
#
#  Out of Memory Error (arena.cpp:162), pid=9344, tid=17612
#
# JRE version: OpenJDK Runtime Environment (24.0.1+9) (build 24.0.1+9-30)
# Java VM: OpenJDK 64-Bit Server VM (24.0.1+9-30, mixed mode, sharing, tiered, compressed oops, compressed class ptrs, g1 gc, windows-amd64)
# No core dump will be written. Minidumps are not enabled by default on client versions of Windows
#

---------------  S U M M A R Y ------------

Command Line: -javaagent:C:\Program Files\JetBrains\IntelliJ IDEA Community Edition 2025.1\lib\idea_rt.jar=55250 -Dfile.encoding=UTF-8 -Dsun.stdout.encoding=UTF-8 -Dsun.stderr.encoding=UTF-8 com.bankapp.cards.CardsApplication

Host: Intel(R) Core(TM) i5-10210U CPU @ 1.60GHz, 8 cores, 15G,  Windows 11 , 64 bit Build 26100 (10.0.26100.7019)
Time: Fri Jun 26 22:41:53 2026 SE Asia Standard Time elapsed time: 5392.377320 seconds (0d 1h 29m 52s)

---------------  T H R E A D  ---------------

Current thread (0x000001ba7d3d4a80):  JavaThread "C2 CompilerThread0" daemon [_thread_in_native, id=17612, stack(0x000000ac5e100000,0x000000ac5e200000) (1024K)]


Current CompileTask:
C2:5392377 11063       4       org.apache.coyote.AbstractProtocol$$Lambda/0x000001ba10b00f10::run (8 bytes)

Stack: [0x000000ac5e100000,0x000000ac5e200000]
Native frames: (J=compiled Java code, j=interpreted, Vv=VM code, C=native code)
V  [jvm.dll+0x730739]  (no source info available)
V  [jvm.dll+0x8d9b23]  (no source info available)
V  [jvm.dll+0x8dc00d]  (no source info available)
V  [jvm.dll+0x8dc683]  (no source info available)
V  [jvm.dll+0x2aa086]  (no source info available)
V  [jvm.dll+0xcedef]  (no source info available)
V  [jvm.dll+0xcf04f]  (no source info available)
V  [jvm.dll+0x154d83]  (no source info available)
V  [jvm.dll+0x735f5f]  (no source info available)
V  [jvm.dll+0x26fa1c]  (no source info available)
V  [jvm.dll+0x26ea3f]  (no source info available)
V  [jvm.dll+0x1e9d60]  (no source info available)
V  [jvm.dll+0x27e1fb]  (no source info available)
V  [jvm.dll+0x27c49a]  (no source info available)
V  [jvm.dll+0x42f456]  (no source info available)
V  [jvm.dll+0x87d76b]  (no source info available)
V  [jvm.dll+0x72ee55]  (no source info available)
C  [ucrtbase.dll+0x37b0]  (no source info available)
C  [KERNEL32.DLL+0x2e8d7]  (no source info available)
C  [ntdll.dll+0x8c53c]  (no source info available)

Lock stack of current Java thread (top to bottom):


---------------  P R O C E S S  ---------------

Threads class SMR info:
_java_thread_list=0x000001ba579bd760, length=38, elements={
0x000001ba7d3b9fd0, 0x000001ba7d3bc820, 0x000001ba7d3bfd00, 0x000001ba7d3c2df0,
0x000001ba7d3c5c40, 0x000001ba7d3c7bb0, 0x000001ba7d3d4a80, 0x000001ba7d3da970,
0x000001ba5424e610, 0x000001ba547d85a0, 0x000001ba547d8ce0, 0x000001ba58d366c0,
0x000001ba58d34230, 0x000001ba58d33390, 0x000001ba58d35f70, 0x000001ba58d350d0,
0x000001ba58d399f0, 0x000001ba58d38400, 0x000001ba58d3a140, 0x000001ba58d38b50,
0x000001ba58d392a0, 0x000001ba58d3a890, 0x000001ba564c4080, 0x000001ba573d6be0,
0x000001ba573d81d0, 0x000001ba573d7330, 0x000001ba573d7a80, 0x000001ba573d8920,
0x000001ba573d55f0, 0x000001ba573d9070, 0x000001ba573d5d40, 0x000001ba573d97c0,
0x000001ba573d6490, 0x000001ba573db500, 0x000001ba573da660, 0x000001ba573dadb0,
0x000001ba573dbc50, 0x000001ba573dcaf0
}

Java Threads: ( => current thread )
  0x000001ba7d3b9fd0 JavaThread "Reference Handler"          daemon [_thread_blocked, id=7216, stack(0x000000ac5db00000,0x000000ac5dc00000) (1024K)]
  0x000001ba7d3bc820 JavaThread "Finalizer"                  daemon [_thread_blocked, id=17604, stack(0x000000ac5dc00000,0x000000ac5dd00000) (1024K)]
  0x000001ba7d3bfd00 JavaThread "Signal Dispatcher"          daemon [_thread_blocked, id=11224, stack(0x000000ac5dd00000,0x000000ac5de00000) (1024K)]
  0x000001ba7d3c2df0 JavaThread "Attach Listener"            daemon [_thread_blocked, id=17472, stack(0x000000ac5de00000,0x000000ac5df00000) (1024K)]
  0x000001ba7d3c5c40 JavaThread "Service Thread"             daemon [_thread_blocked, id=17572, stack(0x000000ac5df00000,0x000000ac5e000000) (1024K)]
  0x000001ba7d3c7bb0 JavaThread "Monitor Deflation Thread"   daemon [_thread_blocked, id=17956, stack(0x000000ac5e000000,0x000000ac5e100000) (1024K)]
=>0x000001ba7d3d4a80 JavaThread "C2 CompilerThread0"         daemon [_thread_in_native, id=17612, stack(0x000000ac5e100000,0x000000ac5e200000) (1024K)]
  0x000001ba7d3da970 JavaThread "C1 CompilerThread0"         daemon [_thread_blocked, id=17196, stack(0x000000ac5e200000,0x000000ac5e300000) (1024K)]
  0x000001ba5424e610 JavaThread "Common-Cleaner"             daemon [_thread_blocked, id=11516, stack(0x000000ac5e400000,0x000000ac5e500000) (1024K)]
  0x000001ba547d85a0 JavaThread "Monitor Ctrl-Break"         daemon [_thread_in_native, id=7572, stack(0x000000ac5e500000,0x000000ac5e600000) (1024K)]
  0x000001ba547d8ce0 JavaThread "Notification Thread"        daemon [_thread_blocked, id=404, stack(0x000000ac5e600000,0x000000ac5e700000) (1024K)]
  0x000001ba58d366c0 JavaThread "Catalina-utility-1"                [_thread_blocked, id=17852, stack(0x000000ac5f300000,0x000000ac5f400000) (1024K)]
  0x000001ba58d34230 JavaThread "Catalina-utility-2"                [_thread_blocked, id=17368, stack(0x000000ac5f500000,0x000000ac5f600000) (1024K)]
  0x000001ba58d33390 JavaThread "container-0"                       [_thread_blocked, id=18288, stack(0x000000ac5f600000,0x000000ac5f700000) (1024K)]
  0x000001ba58d35f70 JavaThread "mysql-cj-abandoned-connection-cleanup" daemon [_thread_blocked, id=17880, stack(0x000000ac5f700000,0x000000ac5f800000) (1024K)]
  0x000001ba58d350d0 JavaThread "HikariPool-1:housekeeper"   daemon [_thread_blocked, id=11180, stack(0x000000ac5f800000,0x000000ac5f900000) (1024K)]
  0x000001ba58d399f0 JavaThread "File Watcher"               daemon [_thread_blocked, id=13504, stack(0x000000ac5fb00000,0x000000ac5fc00000) (1024K)]
  0x000001ba58d38400 JavaThread "spectator-gauge-polling-0"  daemon [_thread_blocked, id=14432, stack(0x000000ac5fc00000,0x000000ac5fd00000) (1024K)]
  0x000001ba58d3a140 JavaThread "AsyncResolver-bootstrap-%d" daemon [_thread_blocked, id=17416, stack(0x000000ac5fd00000,0x000000ac5fe00000) (1024K)]
  0x000001ba58d38b50 JavaThread "DiscoveryClient-%d"         daemon [_thread_blocked, id=16812, stack(0x000000ac5fe00000,0x000000ac5ff00000) (1024K)]
  0x000001ba58d392a0 JavaThread "DiscoveryClient-%d"         daemon [_thread_blocked, id=17216, stack(0x000000ac5ff00000,0x000000ac60000000) (1024K)]
  0x000001ba58d3a890 JavaThread "DiscoveryClient-InstanceInfoReplicator-%d" daemon [_thread_blocked, id=17412, stack(0x000000ac60000000,0x000000ac60100000) (1024K)]
  0x000001ba564c4080 JavaThread "http-nio-8090-exec-1"       daemon [_thread_blocked, id=14524, stack(0x000000ac60100000,0x000000ac60200000) (1024K)]
  0x000001ba573d6be0 JavaThread "http-nio-8090-exec-2"       daemon [_thread_blocked, id=3160, stack(0x000000ac60200000,0x000000ac60300000) (1024K)]
  0x000001ba573d81d0 JavaThread "http-nio-8090-exec-3"       daemon [_thread_blocked, id=10904, stack(0x000000ac60300000,0x000000ac60400000) (1024K)]
  0x000001ba573d7330 JavaThread "http-nio-8090-exec-4"       daemon [_thread_blocked, id=13460, stack(0x000000ac60400000,0x000000ac60500000) (1024K)]
  0x000001ba573d7a80 JavaThread "http-nio-8090-exec-5"       daemon [_thread_blocked, id=16236, stack(0x000000ac60500000,0x000000ac60600000) (1024K)]
  0x000001ba573d8920 JavaThread "http-nio-8090-exec-6"       daemon [_thread_blocked, id=9384, stack(0x000000ac60600000,0x000000ac60700000) (1024K)]
  0x000001ba573d55f0 JavaThread "http-nio-8090-exec-7"       daemon [_thread_blocked, id=9172, stack(0x000000ac60700000,0x000000ac60800000) (1024K)]
  0x000001ba573d9070 JavaThread "http-nio-8090-exec-8"       daemon [_thread_blocked, id=8952, stack(0x000000ac60800000,0x000000ac60900000) (1024K)]
  0x000001ba573d5d40 JavaThread "http-nio-8090-exec-9"       daemon [_thread_blocked, id=10760, stack(0x000000ac60900000,0x000000ac60a00000) (1024K)]
  0x000001ba573d97c0 JavaThread "http-nio-8090-exec-10"      daemon [_thread_blocked, id=17468, stack(0x000000ac60a00000,0x000000ac60b00000) (1024K)]
  0x000001ba573d6490 JavaThread "http-nio-8090-Poller"       daemon [_thread_in_native, id=9188, stack(0x000000ac60b00000,0x000000ac60c00000) (1024K)]
  0x000001ba573db500 JavaThread "http-nio-8090-Acceptor"     daemon [_thread_in_native, id=17892, stack(0x000000ac60c00000,0x000000ac60d00000) (1024K)]
  0x000001ba573da660 JavaThread "DestroyJavaVM"                     [_thread_blocked, id=896, stack(0x000000ac5d300000,0x000000ac5d400000) (1024K)]
  0x000001ba573dadb0 JavaThread "DiscoveryClient-CacheRefreshExecutor-%d" daemon [_thread_blocked, id=13484, stack(0x000000ac5ee00000,0x000000ac5ef00000) (1024K)]
  0x000001ba573dbc50 JavaThread "DiscoveryClient-HeartbeatExecutor-%d" daemon [_thread_blocked, id=15448, stack(0x000000ac5f200000,0x000000ac5f300000) (1024K)]
  0x000001ba573dcaf0 JavaThread "AsyncResolver-bootstrap-executor-%d" daemon [_thread_blocked, id=7252, stack(0x000000ac5d100000,0x000000ac5d200000) (1024K)]
Total: 38

Other Threads:
  0x000001ba7d3a9080 VMThread "VM Thread"                           [id=5192, stack(0x000000ac5da00000,0x000000ac5db00000) (1024K)]
  0x000001ba7d396e30 WatcherThread "VM Periodic Task Thread"        [id=17912, stack(0x000000ac5d900000,0x000000ac5da00000) (1024K)]
  0x000001ba6aa0df70 WorkerThread "GC Thread#0"                     [id=5048, stack(0x000000ac5d400000,0x000000ac5d500000) (1024K)]
  0x000001ba5515f060 WorkerThread "GC Thread#1"                     [id=10260, stack(0x000000ac5e800000,0x000000ac5e900000) (1024K)]
  0x000001ba5515ff20 WorkerThread "GC Thread#2"                     [id=12612, stack(0x000000ac5e900000,0x000000ac5ea00000) (1024K)]
  0x000001ba5515f7c0 WorkerThread "GC Thread#3"                     [id=2832, stack(0x000000ac5ea00000,0x000000ac5eb00000) (1024K)]
  0x000001ba5515fb70 WorkerThread "GC Thread#4"                     [id=13404, stack(0x000000ac5eb00000,0x000000ac5ec00000) (1024K)]
  0x000001ba551602d0 WorkerThread "GC Thread#5"                     [id=1048, stack(0x000000ac5ec00000,0x000000ac5ed00000) (1024K)]
  0x000001ba55284a90 WorkerThread "GC Thread#6"                     [id=16504, stack(0x000000ac5ef00000,0x000000ac5f000000) (1024K)]
  0x000001ba55285950 WorkerThread "GC Thread#7"                     [id=16416, stack(0x000000ac5f000000,0x000000ac5f100000) (1024K)]
  0x000001ba6ce05580 ConcurrentGCThread "G1 Main Marker"            [id=9144, stack(0x000000ac5d500000,0x000000ac5d600000) (1024K)]
  0x000001ba6ce06830 WorkerThread "G1 Conc#0"                       [id=17668, stack(0x000000ac5d600000,0x000000ac5d700000) (1024K)]
  0x000001ba55284e40 WorkerThread "G1 Conc#1"                       [id=15564, stack(0x000000ac5f100000,0x000000ac5f200000) (1024K)]
  0x000001ba7d252a80 ConcurrentGCThread "G1 Refine#0"               [id=17780, stack(0x000000ac5d700000,0x000000ac5d800000) (1024K)]
  0x000001ba7d253600 ConcurrentGCThread "G1 Service"                [id=16084, stack(0x000000ac5d800000,0x000000ac5d900000) (1024K)]
Total: 15

Threads with active compile tasks:
C2 CompilerThread0  5394486 11063       4       org.apache.coyote.AbstractProtocol$$Lambda/0x000001ba10b00f10::run (8 bytes)
Total: 1

VM state: not at safepoint (normal execution)

VM Mutex/Monitor currently owned by a thread: None

Heap address: 0x0000000703a00000, size: 4038 MB, Compressed Oops mode: Zero based, Oop shift amount: 3

CDS archive(s) mapped at: [0x000001ba0f000000-0x000001ba0fd40000-0x000001ba0fd40000), size 13893632, SharedBaseAddress: 0x000001ba0f000000, ArchiveRelocationMode: 1.
Compressed class space mapped at: 0x000001ba10000000-0x000001ba50000000, reserved size: 1073741824
UseCompressedClassPointers 1, UseCompactObjectHeaders 0
Narrow klass pointer bits 32, Max shift 3
Narrow klass base: 0x000001ba0f000000, Narrow klass shift: 0
Encoding Range: [0x000001ba0f000000 - 0x000001bb0f000000), (4294967296 bytes)
Klass Range:    [0x000001ba0f000000 - 0x000001ba50000000), (1090519040 bytes)
Klass ID Range:  [8 - 1090519033) (1090519025)

GC Precious Log:
 CardTable entry size: 512
 Card Set container configuration: InlinePtr #cards 4 size 8 Array Of Cards #cards 16 size 48 Howl #buckets 8 coarsen threshold 3686 Howl Bitmap #cards 512 size 80 coarsen threshold 460 Card regions per heap region 1 cards per card region 4096
 CPUs: 8 total, 8 available
 Memory: 16144M
 Large Page Support: Disabled
 NUMA Support: Disabled
 Compressed Oops: Enabled (Zero based)
 Heap Region Size: 2M
 Heap Min Capacity: 8M
 Heap Initial Capacity: 254M
 Heap Max Capacity: 4038M
 Pre-touch: Disabled
 Parallel Workers: 8
 Concurrent Workers: 2
 Concurrent Refinement Workers: 8
 Periodic GC: Disabled

Heap:
 garbage-first heap   total reserved 4134912K, committed 106496K, used 78038K [0x0000000703a00000, 0x0000000800000000)
  region size 2048K, 11 young (22528K), 2 survivors (4096K)
 Metaspace       used 99125K, committed 100288K, reserved 1179648K
  class space    used 10816K, committed 11264K, reserved 1048576K

Heap Regions: E=young(eden), S=young(survivor), O=old, HS=humongous(starts), HC=humongous(continues), CS=collection set, F=free, TAMS=top-at-mark-start, PB=parsable bottom
|   0|0x0000000703a00000, 0x0000000703c00000, 0x0000000703c00000|100%| O|  |TAMS 0x0000000703a00000| PB 0x0000000703a00000| Untracked |  0
|   1|0x0000000703c00000, 0x0000000703e00000, 0x0000000703e00000|100%| O|  |TAMS 0x0000000703c00000| PB 0x0000000703c00000| Untracked |  0
|   2|0x0000000703e00000, 0x0000000704000000, 0x0000000704000000|100%| O|Cm|TAMS 0x0000000703e00000| PB 0x0000000703e00000| Complete |  0
|   3|0x0000000704000000, 0x0000000704200000, 0x0000000704200000|100%| O|  |TAMS 0x0000000704000000| PB 0x0000000704000000| Untracked |  0
|   4|0x0000000704200000, 0x0000000704400000, 0x0000000704400000|100%| O|  |TAMS 0x0000000704200000| PB 0x0000000704200000| Untracked |  0
|   5|0x0000000704400000, 0x0000000704600000, 0x0000000704600000|100%| O|  |TAMS 0x0000000704400000| PB 0x0000000704400000| Untracked |  0
|   6|0x0000000704600000, 0x0000000704800000, 0x0000000704800000|100%| O|  |TAMS 0x0000000704600000| PB 0x0000000704600000| Untracked |  0
|   7|0x0000000704800000, 0x0000000704a00000, 0x0000000704a00000|100%| O|  |TAMS 0x0000000704800000| PB 0x0000000704800000| Untracked |  0
|   8|0x0000000704a00000, 0x0000000704a00000, 0x0000000704c00000|  0%| F|  |TAMS 0x0000000704a00000| PB 0x0000000704a00000| Untracked |  0
|   9|0x0000000704c00000, 0x0000000704e00000, 0x0000000704e00000|100%| O|Cm|TAMS 0x0000000704c00000| PB 0x0000000704c00000| Complete |  0
|  10|0x0000000704e00000, 0x0000000705000000, 0x0000000705000000|100%| O|  |TAMS 0x0000000704e00000| PB 0x0000000704e00000| Untracked |  0
|  11|0x0000000705000000, 0x0000000705000000, 0x0000000705200000|  0%| F|  |TAMS 0x0000000705000000| PB 0x0000000705000000| Untracked |  0
|  12|0x0000000705200000, 0x0000000705400000, 0x0000000705400000|100%| O|  |TAMS 0x0000000705200000| PB 0x0000000705200000| Untracked |  0
|  13|0x0000000705400000, 0x0000000705600000, 0x0000000705600000|100%| O|Cm|TAMS 0x0000000705400000| PB 0x0000000705400000| Complete |  0
|  14|0x0000000705600000, 0x0000000705800000, 0x0000000705800000|100%| O|Cm|TAMS 0x0000000705600000| PB 0x0000000705600000| Complete |  0
|  15|0x0000000705800000, 0x0000000705a00000, 0x0000000705a00000|100%| O|Cm|TAMS 0x0000000705800000| PB 0x0000000705800000| Complete |  0
|  16|0x0000000705a00000, 0x0000000705c00000, 0x0000000705c00000|100%| O|  |TAMS 0x0000000705a00000| PB 0x0000000705a00000| Untracked |  0
|  17|0x0000000705c00000, 0x0000000705e00000, 0x0000000705e00000|100%| O|  |TAMS 0x0000000705c00000| PB 0x0000000705c00000| Untracked |  0
|  18|0x0000000705e00000, 0x0000000706000000, 0x0000000706000000|100%| O|  |TAMS 0x0000000705e00000| PB 0x0000000705e00000| Untracked |  0
|  19|0x0000000706000000, 0x0000000706200000, 0x0000000706200000|100%| O|Cm|TAMS 0x0000000706000000| PB 0x0000000706000000| Complete |  0
|  20|0x0000000706200000, 0x0000000706400000, 0x0000000706400000|100%| O|  |TAMS 0x0000000706200000| PB 0x0000000706200000| Untracked |  0
|  21|0x0000000706400000, 0x0000000706600000, 0x0000000706600000|100%| O|Cm|TAMS 0x0000000706400000| PB 0x0000000706400000| Complete |  0
|  22|0x0000000706600000, 0x0000000706800000, 0x0000000706800000|100%| O|Cm|TAMS 0x0000000706600000| PB 0x0000000706600000| Complete |  0
|  23|0x0000000706800000, 0x0000000706a00000, 0x0000000706a00000|100%| O|Cm|TAMS 0x0000000706800000| PB 0x0000000706800000| Complete |  0
|  24|0x0000000706a00000, 0x0000000706c00000, 0x0000000706c00000|100%| O|Cm|TAMS 0x0000000706a00000| PB 0x0000000706a00000| Complete |  0
|  25|0x0000000706c00000, 0x0000000706e00000, 0x0000000706e00000|100%| O|Cm|TAMS 0x0000000706c00000| PB 0x0000000706c00000| Complete |  0
|  26|0x0000000706e00000, 0x0000000707000000, 0x0000000707000000|100%| O|  |TAMS 0x0000000706e00000| PB 0x0000000706e00000| Untracked |  0
|  27|0x0000000707000000, 0x0000000707000000, 0x0000000707200000|  0%| F|  |TAMS 0x0000000707000000| PB 0x0000000707000000| Untracked |  0
|  28|0x0000000707200000, 0x0000000707200000, 0x0000000707400000|  0%| F|  |TAMS 0x0000000707200000| PB 0x0000000707200000| Untracked |  0
|  29|0x0000000707400000, 0x0000000707435840, 0x0000000707600000| 10%| S|CS|TAMS 0x0000000707400000| PB 0x0000000707400000| Complete |  0
|  30|0x0000000707600000, 0x0000000707800000, 0x0000000707800000|100%| S|CS|TAMS 0x0000000707600000| PB 0x0000000707600000| Complete |  0
|  31|0x0000000707800000, 0x0000000707800000, 0x0000000707a00000|  0%| F|  |TAMS 0x0000000707800000| PB 0x0000000707800000| Untracked |  0
|  32|0x0000000707a00000, 0x0000000707a00000, 0x0000000707c00000|  0%| F|  |TAMS 0x0000000707a00000| PB 0x0000000707a00000| Untracked |  0
|  33|0x0000000707c00000, 0x0000000707c00000, 0x0000000707e00000|  0%| F|  |TAMS 0x0000000707c00000| PB 0x0000000707c00000| Untracked |  0
|  34|0x0000000707e00000, 0x0000000707e00000, 0x0000000708000000|  0%| F|  |TAMS 0x0000000707e00000| PB 0x0000000707e00000| Untracked |  0
|  35|0x0000000708000000, 0x0000000708000000, 0x0000000708200000|  0%| F|  |TAMS 0x0000000708000000| PB 0x0000000708000000| Untracked |  0
|  36|0x0000000708200000, 0x0000000708200000, 0x0000000708400000|  0%| F|  |TAMS 0x0000000708200000| PB 0x0000000708200000| Untracked |  0
|  37|0x0000000708400000, 0x0000000708400000, 0x0000000708600000|  0%| F|  |TAMS 0x0000000708400000| PB 0x0000000708400000| Untracked |  0
|  38|0x0000000708600000, 0x0000000708600000, 0x0000000708800000|  0%| F|  |TAMS 0x0000000708600000| PB 0x0000000708600000| Untracked |  0
|  39|0x0000000708800000, 0x000000070886e760, 0x0000000708a00000| 21%| E|  |TAMS 0x0000000708800000| PB 0x0000000708800000| Complete |  0
|  92|0x000000070f200000, 0x000000070f400000, 0x000000070f400000|100%| E|CS|TAMS 0x000000070f200000| PB 0x000000070f200000| Complete |  1
|  93|0x000000070f400000, 0x000000070f600000, 0x000000070f600000|100%| E|CS|TAMS 0x000000070f400000| PB 0x000000070f400000| Complete |  0
|  94|0x000000070f600000, 0x000000070f800000, 0x000000070f800000|100%| E|CS|TAMS 0x000000070f600000| PB 0x000000070f600000| Complete |  0
|  95|0x000000070f800000, 0x000000070fa00000, 0x000000070fa00000|100%| E|CS|TAMS 0x000000070f800000| PB 0x000000070f800000| Complete |  0
|  96|0x000000070fa00000, 0x000000070fc00000, 0x000000070fc00000|100%| E|CS|TAMS 0x000000070fa00000| PB 0x000000070fa00000| Complete |  0
| 126|0x0000000713600000, 0x0000000713800000, 0x0000000713800000|100%| E|CS|TAMS 0x0000000713600000| PB 0x0000000713600000| Complete |  0
|2013|0x00000007ff400000, 0x00000007ff600000, 0x00000007ff600000|100%| E|CS|TAMS 0x00000007ff400000| PB 0x00000007ff400000| Complete |  0
|2014|0x00000007ff600000, 0x00000007ff800000, 0x00000007ff800000|100%| O|  |TAMS 0x00000007ff600000| PB 0x00000007ff600000| Untracked |  0
|2015|0x00000007ff800000, 0x00000007ffa00000, 0x00000007ffa00000|100%| O|  |TAMS 0x00000007ff800000| PB 0x00000007ff800000| Untracked |  0
|2016|0x00000007ffa00000, 0x00000007ffc00000, 0x00000007ffc00000|100%| O|  |TAMS 0x00000007ffa00000| PB 0x00000007ffa00000| Untracked |  0
|2017|0x00000007ffc00000, 0x00000007ffe00000, 0x00000007ffe00000|100%| O|  |TAMS 0x00000007ffc00000| PB 0x00000007ffc00000| Untracked |  0
|2018|0x00000007ffe00000, 0x0000000800000000, 0x0000000800000000|100%| E|CS|TAMS 0x00000007ffe00000| PB 0x00000007ffe00000| Complete |  0

Card table byte_map: [0x000001ba76240000,0x000001ba76a30000] _byte_map_base: 0x000001ba72a23000

Marking Bits: (CMBitMap*) 0x000001ba6aa0e680
 Bits: [0x000001ba76a30000, 0x000001ba7a948000)

Polling page: 0x000001ba6ab80000

Metaspace:

Usage:
  Non-class:     86.24 MB used.
      Class:     10.56 MB used.
       Both:     96.80 MB used.

Virtual space:
  Non-class space:      128.00 MB reserved,      86.94 MB ( 68%) committed,  2 nodes.
      Class space:        1.00 GB reserved,      11.00 MB (  1%) committed,  1 nodes.
             Both:        1.12 GB reserved,      97.94 MB (  9%) committed. 

Chunk freelists:
   Non-Class:  8.67 MB
       Class:  5.11 MB
        Both:  13.78 MB

MaxMetaspaceSize: unlimited
CompressedClassSpaceSize: 1.00 GB
Initial GC threshold: 21.00 MB
Current GC threshold: 163.12 MB
CDS: on
 - commit_granule_bytes: 65536.
 - commit_granule_words: 8192.
 - virtual_space_node_default_size: 8388608.
 - enlarge_chunks_in_place: 1.
UseCompressedClassPointers 1, UseCompactObjectHeaders 0
Narrow klass pointer bits 32, Max shift 3
Narrow klass base: 0x000001ba0f000000, Narrow klass shift: 0
Encoding Range: [0x000001ba0f000000 - 0x000001bb0f000000), (4294967296 bytes)
Klass Range:    [0x000001ba0f000000 - 0x000001ba50000000), (1090519040 bytes)
Klass ID Range:  [8 - 1090519033) (1090519025)


Internal statistics:

num_allocs_failed_limit: 6.
num_arena_births: 1176.
num_arena_deaths: 364.
num_vsnodes_births: 3.
num_vsnodes_deaths: 0.
num_space_committed: 1567.
num_space_uncommitted: 0.
num_chunks_returned_to_freelist: 379.
num_chunks_taken_from_freelist: 4602.
num_chunk_merges: 91.
num_chunk_splits: 3355.
num_chunks_enlarged: 2733.
num_inconsistent_stats: 0.

CodeHeap 'non-profiled nmethods': size=120064Kb used=4058Kb max_used=4851Kb free=116005Kb
 bounds [0x000001ba07ac0000, 0x000001ba07f80000, 0x000001ba0f000000]
CodeHeap 'profiled nmethods': size=120000Kb used=11846Kb max_used=15727Kb free=108153Kb
 bounds [0x000001ba00000000, 0x000001ba00f60000, 0x000001ba07530000]
CodeHeap 'non-nmethods': size=5696Kb used=1636Kb max_used=1689Kb free=4059Kb
 bounds [0x000001ba07530000, 0x000001ba077a0000, 0x000001ba07ac0000]
CodeCache: size=245760Kb, used=17540Kb, max_used=22267Kb, free=228217Kb
 total_blobs=7708, nmethods=6922, adapters=690, full_count=0
Compilation: enabled, stopped_count=0, restarted_count=0

Compilation events (20 events):
Event: 5297.725 Thread 0x000001ba7d3da970 nmethod 11046 0x000001ba0020b488 code [0x000001ba0020b600, 0x000001ba0020bcc8]
Event: 5297.725 Thread 0x000001ba7d3da970 11047       3       com.fasterxml.jackson.databind.introspect.POJOPropertyBuilder$5::<init> (10 bytes)
Event: 5297.725 Thread 0x000001ba7d3da970 nmethod 11047 0x000001ba00080908 code [0x000001ba00080a20, 0x000001ba00080be8]
Event: 5297.725 Thread 0x000001ba7d3da970 11057       3       com.fasterxml.jackson.databind.introspect.POJOPropertyBuilder$Linked::withNext (39 bytes)
Event: 5297.725 Thread 0x000001ba7d3da970 nmethod 11057 0x000001ba00085a88 code [0x000001ba00085bc0, 0x000001ba00085df0]
Event: 5297.725 Thread 0x000001ba7d3da970 11043       3       com.fasterxml.jackson.databind.introspect.JacksonAnnotationIntrospector::findNameForSerialization (118 bytes)
Event: 5297.726 Thread 0x000001ba7d3da970 nmethod 11043 0x000001ba000c1108 code [0x000001ba000c13e0, 0x000001ba000c2da0]
Event: 5297.726 Thread 0x000001ba7d3da970 11059       1       com.fasterxml.jackson.databind.type.MapLikeType::getContentType (5 bytes)
Event: 5297.726 Thread 0x000001ba7d3da970 nmethod 11059 0x000001ba07ae3108 code [0x000001ba07ae3200, 0x000001ba07ae32c8]
Event: 5297.726 Thread 0x000001ba7d3da970 11055       1       com.fasterxml.jackson.databind.introspect.PotentialCreator::creatorMode (5 bytes)
Event: 5297.726 Thread 0x000001ba7d3da970 nmethod 11055 0x000001ba07aea088 code [0x000001ba07aea180, 0x000001ba07aea248]
Event: 5297.726 Thread 0x000001ba7d3da970 11058       1       com.fasterxml.jackson.databind.cfg.ConfigOverrides::getDefaultVisibility (5 bytes)
Event: 5297.726 Thread 0x000001ba7d3da970 nmethod 11058 0x000001ba07aecb88 code [0x000001ba07aecc80, 0x000001ba07aecd48]
Event: 5307.714 Thread 0x000001ba7d3d4a80 11060       4       jdk.internal.misc.Blocker::begin (38 bytes)
Event: 5307.714 Thread 0x000001ba7d3d4a80 nmethod 11060 0x000001ba07aed188 code [0x000001ba07aed280, 0x000001ba07aed340]
Event: 5327.741 Thread 0x000001ba7d3da970 11061       3       java.io.PushbackInputStream::read (129 bytes)
Event: 5327.741 Thread 0x000001ba7d3da970 nmethod 11061 0x000001ba00041d08 code [0x000001ba00041ee0, 0x000001ba000427e8]
Event: 5357.742 Thread 0x000001ba7d3da970 11062       3       java.util.Optional::filter (35 bytes)
Event: 5357.742 Thread 0x000001ba7d3da970 nmethod 11062 0x000001ba001b9d88 code [0x000001ba001b9ee0, 0x000001ba001ba440]
Event: 5390.349 Thread 0x000001ba7d3d4a80 11063       4       org.apache.coyote.AbstractProtocol$$Lambda/0x000001ba10b00f10::run (8 bytes)

GC Heap History (20 events):
Event: 12.850 GC heap before
{Heap before GC invocations=18 (full 0):
 garbage-first heap   total reserved 4134912K, committed 88064K, used 77060K [0x0000000703a00000, 0x0000000800000000)
  region size 2048K, 14 young (28672K), 2 survivors (4096K)
 Metaspace       used 87899K, committed 88512K, reserved 1179648K
  class space    used 9612K, committed 9856K, reserved 1048576K
}
Event: 12.856 GC heap after
{Heap after GC invocations=19 (full 0):
 garbage-first heap   total reserved 4134912K, committed 88064K, used 54615K [0x0000000703a00000, 0x0000000800000000)
  region size 2048K, 2 young (4096K), 2 survivors (4096K)
 Metaspace       used 87899K, committed 88512K, reserved 1179648K
  class space    used 9612K, committed 9856K, reserved 1048576K
}
Event: 13.249 GC heap before
{Heap before GC invocations=20 (full 0):
 garbage-first heap   total reserved 4134912K, committed 92160K, used 77143K [0x0000000703a00000, 0x0000000800000000)
  region size 2048K, 13 young (26624K), 2 survivors (4096K)
 Metaspace       used 89614K, committed 90240K, reserved 1179648K
  class space    used 9889K, committed 10176K, reserved 1048576K
}
Event: 13.255 GC heap after
{Heap after GC invocations=21 (full 0):
 garbage-first heap   total reserved 4134912K, committed 92160K, used 56616K [0x0000000703a00000, 0x0000000800000000)
  region size 2048K, 1 young (2048K), 1 survivors (2048K)
 Metaspace       used 89614K, committed 90240K, reserved 1179648K
  class space    used 9889K, committed 10176K, reserved 1048576K
}
Event: 13.791 GC heap before
{Heap before GC invocations=21 (full 0):
 garbage-first heap   total reserved 4134912K, committed 92160K, used 83240K [0x0000000703a00000, 0x0000000800000000)
  region size 2048K, 14 young (28672K), 1 survivors (2048K)
 Metaspace       used 91593K, committed 92352K, reserved 1179648K
  class space    used 10155K, committed 10432K, reserved 1048576K
}
Event: 13.797 GC heap after
{Heap after GC invocations=22 (full 0):
 garbage-first heap   total reserved 4134912K, committed 92160K, used 58537K [0x0000000703a00000, 0x0000000800000000)
  region size 2048K, 2 young (4096K), 2 survivors (4096K)
 Metaspace       used 91593K, committed 92352K, reserved 1179648K
  class space    used 10155K, committed 10432K, reserved 1048576K
}
Event: 14.199 GC heap before
{Heap before GC invocations=22 (full 0):
 garbage-first heap   total reserved 4134912K, committed 92160K, used 81065K [0x0000000703a00000, 0x0000000800000000)
  region size 2048K, 13 young (26624K), 2 survivors (4096K)
 Metaspace       used 95055K, committed 95744K, reserved 1179648K
  class space    used 10585K, committed 10880K, reserved 1048576K
}
Event: 14.206 GC heap after
{Heap after GC invocations=23 (full 0):
 garbage-first heap   total reserved 4134912K, committed 92160K, used 61064K [0x0000000703a00000, 0x0000000800000000)
  region size 2048K, 2 young (4096K), 2 survivors (4096K)
 Metaspace       used 95055K, committed 95744K, reserved 1179648K
  class space    used 10585K, committed 10880K, reserved 1048576K
}
Event: 46.013 GC heap before
{Heap before GC invocations=24 (full 0):
 garbage-first heap   total reserved 4134912K, committed 106496K, used 77448K [0x0000000703a00000, 0x0000000800000000)
  region size 2048K, 10 young (20480K), 2 survivors (4096K)
 Metaspace       used 97919K, committed 98688K, reserved 1179648K
  class space    used 10901K, committed 11200K, reserved 1048576K
}
Event: 46.017 GC heap after
{Heap after GC invocations=25 (full 0):
 garbage-first heap   total reserved 4134912K, committed 106496K, used 62583K [0x0000000703a00000, 0x0000000800000000)
  region size 2048K, 1 young (2048K), 1 survivors (2048K)
 Metaspace       used 97919K, committed 98688K, reserved 1179648K
  class space    used 10901K, committed 11200K, reserved 1048576K
}
Event: 1122.118 GC heap before
{Heap before GC invocations=25 (full 0):
 garbage-first heap   total reserved 4134912K, committed 106496K, used 95351K [0x0000000703a00000, 0x0000000800000000)
  region size 2048K, 17 young (34816K), 1 survivors (2048K)
 Metaspace       used 98344K, committed 99136K, reserved 1179648K
  class space    used 10902K, committed 11200K, reserved 1048576K
}
Event: 1122.121 GC heap after
{Heap after GC invocations=26 (full 0):
 garbage-first heap   total reserved 4134912K, committed 106496K, used 61494K [0x0000000703a00000, 0x0000000800000000)
  region size 2048K, 1 young (2048K), 1 survivors (2048K)
 Metaspace       used 98344K, committed 99136K, reserved 1179648K
  class space    used 10902K, committed 11200K, reserved 1048576K
}
Event: 2035.458 GC heap before
{Heap before GC invocations=26 (full 0):
 garbage-first heap   total reserved 4134912K, committed 106496K, used 94262K [0x0000000703a00000, 0x0000000800000000)
  region size 2048K, 17 young (34816K), 1 survivors (2048K)
 Metaspace       used 98732K, committed 99584K, reserved 1179648K
  class space    used 10909K, committed 11264K, reserved 1048576K
}
Event: 2035.461 GC heap after
{Heap after GC invocations=27 (full 0):
 garbage-first heap   total reserved 4134912K, committed 106496K, used 62232K [0x0000000703a00000, 0x0000000800000000)
  region size 2048K, 1 young (2048K), 1 survivors (2048K)
 Metaspace       used 98732K, committed 99584K, reserved 1179648K
  class space    used 10909K, committed 11264K, reserved 1048576K
}
Event: 3058.237 GC heap before
{Heap before GC invocations=28 (full 0):
 garbage-first heap   total reserved 4134912K, committed 106496K, used 95000K [0x0000000703a00000, 0x0000000800000000)
  region size 2048K, 17 young (34816K), 1 survivors (2048K)
 Metaspace       used 99005K, committed 99840K, reserved 1179648K
  class space    used 10910K, committed 11264K, reserved 1048576K
}
Event: 3058.239 GC heap after
{Heap after GC invocations=29 (full 0):
 garbage-first heap   total reserved 4134912K, committed 106496K, used 62315K [0x0000000703a00000, 0x0000000800000000)
  region size 2048K, 2 young (4096K), 2 survivors (4096K)
 Metaspace       used 99005K, committed 99840K, reserved 1179648K
  class space    used 10910K, committed 11264K, reserved 1048576K
}
Event: 3946.721 GC heap before
{Heap before GC invocations=29 (full 0):
 garbage-first heap   total reserved 4134912K, committed 106496K, used 90987K [0x0000000703a00000, 0x0000000800000000)
  region size 2048K, 16 young (32768K), 2 survivors (4096K)
 Metaspace       used 99207K, committed 100032K, reserved 1179648K
  class space    used 10911K, committed 11264K, reserved 1048576K
}
Event: 3946.725 GC heap after
{Heap after GC invocations=30 (full 0):
 garbage-first heap   total reserved 4134912K, committed 106496K, used 61589K [0x0000000703a00000, 0x0000000800000000)
  region size 2048K, 2 young (4096K), 2 survivors (4096K)
 Metaspace       used 99207K, committed 100032K, reserved 1179648K
  class space    used 10911K, committed 11264K, reserved 1048576K
}
Event: 4872.859 GC heap before
{Heap before GC invocations=30 (full 0):
 garbage-first heap   total reserved 4134912K, committed 106496K, used 92309K [0x0000000703a00000, 0x0000000800000000)
  region size 2048K, 17 young (34816K), 2 survivors (4096K)
 Metaspace       used 99411K, committed 100224K, reserved 1179648K
  class space    used 10911K, committed 11264K, reserved 1048576K
}
Event: 4872.862 GC heap after
{Heap after GC invocations=31 (full 0):
 garbage-first heap   total reserved 4134912K, committed 106496K, used 61654K [0x0000000703a00000, 0x0000000800000000)
  region size 2048K, 2 young (4096K), 2 survivors (4096K)
 Metaspace       used 99411K, committed 100224K, reserved 1179648K
  class space    used 10911K, committed 11264K, reserved 1048576K
}

Dll operation events (13 events):
Event: 0.011 Loaded shared library C:\Users\Windows\.jdks\openjdk-24.0.1\bin\java.dll
Event: 0.044 Loaded shared library C:\Users\Windows\.jdks\openjdk-24.0.1\bin\jsvml.dll
Event: 0.222 Loaded shared library C:\Users\Windows\.jdks\openjdk-24.0.1\bin\zip.dll
Event: 0.226 Loaded shared library C:\Users\Windows\.jdks\openjdk-24.0.1\bin\instrument.dll
Event: 0.230 Loaded shared library C:\Users\Windows\.jdks\openjdk-24.0.1\bin\net.dll
Event: 0.231 Loaded shared library C:\Users\Windows\.jdks\openjdk-24.0.1\bin\nio.dll
Event: 0.235 Loaded shared library C:\Users\Windows\.jdks\openjdk-24.0.1\bin\zip.dll
Event: 0.353 Loaded shared library C:\Users\Windows\.jdks\openjdk-24.0.1\bin\extnet.dll
Event: 0.400 Loaded shared library C:\Users\Windows\.jdks\openjdk-24.0.1\bin\jimage.dll
Event: 1.042 Loaded shared library C:\Users\Windows\.jdks\openjdk-24.0.1\bin\management.dll
Event: 1.045 Loaded shared library C:\Users\Windows\.jdks\openjdk-24.0.1\bin\management_ext.dll
Event: 3.753 Loaded shared library C:\Users\Windows\.jdks\openjdk-24.0.1\bin\sunmscapi.dll
Event: 14.214 Loaded shared library C:\Users\Windows\.jdks\openjdk-24.0.1\bin\verify.dll

Deoptimization events (20 events):
Event: 4609.301 Thread 0x000001ba58d37cb0 DEOPT PACKING pc=0x000001ba00613fae sp=0x000000ac5d2fd960
Event: 4609.301 Thread 0x000001ba58d37cb0 DEOPT UNPACKING pc=0x000001ba07585722 sp=0x000000ac5d2fcdb8 mode 0
Event: 4801.018 Thread 0x000001ba58d37cb0 DEOPT PACKING pc=0x000001ba0010a2af sp=0x000000ac5d2fdf60
Event: 4801.018 Thread 0x000001ba58d37cb0 DEOPT UNPACKING pc=0x000001ba07585722 sp=0x000000ac5d2fd488 mode 0
Event: 4833.350 Thread 0x000001ba58d37cb0 Uncommon trap: trap_request=0xffffffbe fr.pc=0x000001ba07f79dec relative=0x00000000000004ac
Event: 4833.350 Thread 0x000001ba58d37cb0 Uncommon trap: reason=profile_predicate action=maybe_recompile pc=0x000001ba07f79dec method=com.sun.crypto.provider.HmacCore.engineInit(Ljava/security/Key;Ljava/security/spec/AlgorithmParameterSpec;)V @ 88 c2
Event: 4833.350 Thread 0x000001ba58d37cb0 DEOPT PACKING pc=0x000001ba07f79dec sp=0x000000ac5d2fd9d0
Event: 4833.350 Thread 0x000001ba58d37cb0 DEOPT UNPACKING pc=0x000001ba07645c02 sp=0x000000ac5d2fd968 mode 2
Event: 4833.350 Thread 0x000001ba58d37cb0 Uncommon trap: trap_request=0xffffffbe fr.pc=0x000001ba07f79dec relative=0x00000000000004ac
Event: 4833.350 Thread 0x000001ba58d37cb0 Uncommon trap: reason=profile_predicate action=maybe_recompile pc=0x000001ba07f79dec method=com.sun.crypto.provider.HmacCore.engineInit(Ljava/security/Key;Ljava/security/spec/AlgorithmParameterSpec;)V @ 88 c2
Event: 4833.350 Thread 0x000001ba58d37cb0 DEOPT PACKING pc=0x000001ba07f79dec sp=0x000000ac5d2fd920
Event: 4833.350 Thread 0x000001ba58d37cb0 DEOPT UNPACKING pc=0x000001ba07645c02 sp=0x000000ac5d2fd8b8 mode 2
Event: 4833.350 Thread 0x000001ba58d37cb0 Uncommon trap: trap_request=0xffffffbe fr.pc=0x000001ba07f79dec relative=0x00000000000004ac
Event: 4833.350 Thread 0x000001ba58d37cb0 Uncommon trap: reason=profile_predicate action=maybe_recompile pc=0x000001ba07f79dec method=com.sun.crypto.provider.HmacCore.engineInit(Ljava/security/Key;Ljava/security/spec/AlgorithmParameterSpec;)V @ 88 c2
Event: 4833.350 Thread 0x000001ba58d37cb0 DEOPT PACKING pc=0x000001ba07f79dec sp=0x000000ac5d2fda40
Event: 4833.351 Thread 0x000001ba58d37cb0 DEOPT UNPACKING pc=0x000001ba07645c02 sp=0x000000ac5d2fd9d8 mode 2
Event: 4833.351 Thread 0x000001ba58d37cb0 Uncommon trap: trap_request=0xffffffbe fr.pc=0x000001ba07f79dec relative=0x00000000000004ac
Event: 4833.351 Thread 0x000001ba58d37cb0 Uncommon trap: reason=profile_predicate action=maybe_recompile pc=0x000001ba07f79dec method=com.sun.crypto.provider.HmacCore.engineInit(Ljava/security/Key;Ljava/security/spec/AlgorithmParameterSpec;)V @ 88 c2
Event: 4833.351 Thread 0x000001ba58d37cb0 DEOPT PACKING pc=0x000001ba07f79dec sp=0x000000ac5d2fda40
Event: 4833.351 Thread 0x000001ba58d37cb0 DEOPT UNPACKING pc=0x000001ba07645c02 sp=0x000000ac5d2fd9d8 mode 2

Classes loaded (20 events):
Event: 14.484 Loading class com/sun/beans/introspect/ClassInfo$1
Event: 14.485 Loading class com/sun/beans/util/Cache
Event: 14.485 Loading class com/sun/beans/util/Cache done
Event: 14.485 Loading class com/sun/beans/introspect/ClassInfo$1 done
Event: 14.485 Loading class com/sun/beans/util/Cache$Kind
Event: 14.485 Loading class com/sun/beans/util/Cache$Kind done
Event: 14.485 Loading class com/sun/beans/util/Cache$Kind$1
Event: 14.485 Loading class com/sun/beans/util/Cache$Kind$1 done
Event: 14.485 Loading class com/sun/beans/util/Cache$Kind$2
Event: 14.485 Loading class com/sun/beans/util/Cache$Kind$2 done
Event: 14.485 Loading class com/sun/beans/util/Cache$Kind$3
Event: 14.485 Loading class com/sun/beans/util/Cache$Kind$3 done
Event: 14.485 Loading class com/sun/beans/util/Cache$CacheEntry
Event: 14.485 Loading class com/sun/beans/util/Cache$CacheEntry done
Event: 1415.331 Loading class sun/security/ssl/Alert
Event: 1415.331 Loading class sun/security/ssl/Alert done
Event: 1415.332 Loading class sun/security/ssl/Alert$AlertConsumer
Event: 1415.332 Loading class sun/security/ssl/Alert$AlertConsumer done
Event: 1415.332 Loading class sun/security/ssl/Alert$Level
Event: 1415.332 Loading class sun/security/ssl/Alert$Level done

Classes unloaded (20 events):
Event: 4872.910 Thread 0x000001ba7d3a9080 Unloading class 0x000001ba1014c000 'java/lang/invoke/LambdaForm$MH+0x000001ba1014c000'
Event: 4872.910 Thread 0x000001ba7d3a9080 Unloading class 0x000001ba10141000 'java/lang/invoke/LambdaForm$MH+0x000001ba10141000'
Event: 4872.910 Thread 0x000001ba7d3a9080 Unloading class 0x000001ba10140c00 'java/lang/invoke/LambdaForm$MH+0x000001ba10140c00'
Event: 4872.910 Thread 0x000001ba7d3a9080 Unloading class 0x000001ba1013e400 'java/lang/invoke/LambdaForm$DMH+0x000001ba1013e400'
Event: 4872.910 Thread 0x000001ba7d3a9080 Unloading class 0x000001ba1013dc00 'java/lang/invoke/LambdaForm$DMH+0x000001ba1013dc00'
Event: 4872.910 Thread 0x000001ba7d3a9080 Unloading class 0x000001ba1013d400 'java/lang/invoke/LambdaForm$DMH+0x000001ba1013d400'
Event: 4872.910 Thread 0x000001ba7d3a9080 Unloading class 0x000001ba1013c400 'java/lang/invoke/LambdaForm$DMH+0x000001ba1013c400'
Event: 4872.911 Thread 0x000001ba7d3a9080 Unloading class 0x000001ba10111000 'java/lang/invoke/LambdaForm$MH+0x000001ba10111000'
Event: 4872.911 Thread 0x000001ba7d3a9080 Unloading class 0x000001ba10110c00 'java/lang/invoke/LambdaForm$MH+0x000001ba10110c00'
Event: 4872.911 Thread 0x000001ba7d3a9080 Unloading class 0x000001ba10104000 'java/lang/invoke/LambdaForm$MH+0x000001ba10104000'
Event: 4872.911 Thread 0x000001ba7d3a9080 Unloading class 0x000001ba100fc000 'java/lang/invoke/LambdaForm$DMH+0x000001ba100fc000'
Event: 4872.911 Thread 0x000001ba7d3a9080 Unloading class 0x000001ba100d9400 'java/lang/invoke/LambdaForm$MH+0x000001ba100d9400'
Event: 4872.911 Thread 0x000001ba7d3a9080 Unloading class 0x000001ba100d9000 'java/lang/invoke/LambdaForm$MH+0x000001ba100d9000'
Event: 4872.911 Thread 0x000001ba7d3a9080 Unloading class 0x000001ba100d8400 'java/lang/invoke/LambdaForm$MH+0x000001ba100d8400'
Event: 4872.911 Thread 0x000001ba7d3a9080 Unloading class 0x000001ba10030000 'java/lang/invoke/LambdaForm$MH+0x000001ba10030000'
Event: 4872.911 Thread 0x000001ba7d3a9080 Unloading class 0x000001ba10020800 'java/lang/invoke/LambdaForm$BMH+0x000001ba10020800'
Event: 4872.911 Thread 0x000001ba7d3a9080 Unloading class 0x000001ba10002400 'java/lang/invoke/LambdaForm$MH+0x000001ba10002400'
Event: 4872.911 Thread 0x000001ba7d3a9080 Unloading class 0x000001ba10002000 'java/lang/invoke/LambdaForm$MH+0x000001ba10002000'
Event: 4872.911 Thread 0x000001ba7d3a9080 Unloading class 0x000001ba10001c00 'java/lang/invoke/LambdaForm$MH+0x000001ba10001c00'
Event: 4872.911 Thread 0x000001ba7d3a9080 Unloading class 0x000001ba10001400 'java/lang/invoke/LambdaForm$MH+0x000001ba10001400'

Classes redefined (0 events):
No events

Internal exceptions (20 events):
Event: 13.881 Thread 0x000001ba552293e0 Exception <a 'java/lang/NoSuchMethodError'{0x00000007137030f0}: 'java.lang.Object java.lang.invoke.DirectMethodHandle$Holder.invokeStaticInit(java.lang.Object, int)'> (0x00000007137030f0) 
thrown [s\open\src\hotspot\share\interpreter\linkResolver.cpp, line 805]
Event: 13.888 Thread 0x000001ba552293e0 Exception <a 'java/lang/NoSuchMethodError'{0x00000007137447e0}: 'java.lang.Object java.lang.invoke.DirectMethodHandle$Holder.newInvokeSpecial(java.lang.Object, java.lang.Object, int, java.lang.Object, java.lang.Object)'> (0x00000007137447e0) 
thrown [s\open\src\hotspot\share\interpreter\linkResolver.cpp, line 805]
Event: 13.900 Thread 0x000001ba552293e0 Implicit null exception at 0x000001ba07df555a to 0x000001ba07df5818
Event: 13.900 Thread 0x000001ba552293e0 Implicit null exception at 0x000001ba07c4fad5 to 0x000001ba07c4fd64
Event: 13.938 Thread 0x000001ba552293e0 Exception <a 'java/lang/NoSuchMethodError'{0x000000070fb0f8a8}: 'double java.lang.invoke.DirectMethodHandle$Holder.invokeVirtual(java.lang.Object, java.lang.Object)'> (0x000000070fb0f8a8) 
thrown [s\open\src\hotspot\share\interpreter\linkResolver.cpp, line 805]
Event: 14.073 Thread 0x000001ba552293e0 Exception <a 'java/lang/NoSuchMethodError'{0x0000000707a22cd0}: 'java.lang.Object java.lang.invoke.DirectMethodHandle$Holder.invokeStatic(java.lang.Object, java.lang.Object, java.lang.Object, java.lang.Object, int, java.lang.Object, java.lang.Object)'> (0x0000000707a22cd0) 
thrown [s\open\src\hotspot\share\interpreter\linkResolver.cpp, line 805]
Event: 14.109 Thread 0x000001ba552293e0 Exception <a 'java/lang/NoSuchMethodError'{0x0000000707bb3f50}: 'int java.lang.invoke.DirectMethodHandle$Holder.invokeStatic(java.lang.Object, int, int, int, int)'> (0x0000000707bb3f50) 
thrown [s\open\src\hotspot\share\interpreter\linkResolver.cpp, line 805]
Event: 14.154 Thread 0x000001ba552293e0 Exception <a 'java/lang/IncompatibleClassChangeError'{0x00000007076035e8}: Found class java.lang.Object, but interface was expected> (0x00000007076035e8) 
thrown [s\open\src\hotspot\share\interpreter\linkResolver.cpp, line 872]
Event: 14.154 Thread 0x000001ba552293e0 Exception <a 'java/lang/NoSuchMethodError'{0x00000007076144b0}: 'java.lang.Object java.lang.invoke.DirectMethodHandle$Holder.invokeSpecialIFC(java.lang.Object, java.lang.Object, java.lang.Object, java.lang.Object, java.lang.Object)'> (0x00000007076144b0) 
thrown [s\open\src\hotspot\share\interpreter\linkResolver.cpp, line 805]
Event: 14.192 Thread 0x000001ba552293e0 Exception <a 'java/lang/NoSuchMethodError'{0x00000007077b15f0}: 'java.lang.Object java.lang.invoke.DirectMethodHandle$Holder.invokeStatic(java.lang.Object, int, int)'> (0x00000007077b15f0) 
thrown [s\open\src\hotspot\share\interpreter\linkResolver.cpp, line 805]
Event: 14.285 Thread 0x000001ba552293e0 Exception <a 'java/lang/NoSuchMethodError'{0x00000007ff4dd370}: 'long java.lang.invoke.DirectMethodHandle$Holder.invokeStatic(java.lang.Object, java.lang.Object, int)'> (0x00000007ff4dd370) 
thrown [s\open\src\hotspot\share\interpreter\linkResolver.cpp, line 805]
Event: 14.285 Thread 0x000001ba552293e0 Exception <a 'java/lang/NoSuchMethodError'{0x00000007ff4ef0b8}: 'long java.lang.invoke.DelegatingMethodHandle$Holder.reinvoke_L(java.lang.Object, java.lang.Object, int)'> (0x00000007ff4ef0b8) 
thrown [s\open\src\hotspot\share\interpreter\linkResolver.cpp, line 805]
Event: 14.286 Thread 0x000001ba552293e0 Exception <a 'java/lang/NoSuchMethodError'{0x00000007ff507a88}: 'java.lang.Object java.lang.invoke.DelegatingMethodHandle$Holder.reinvoke_L(java.lang.Object, int, int, long, java.lang.Object, long, long, long)'> (0x00000007ff507a88) 
thrown [s\open\src\hotspot\share\interpreter\linkResolver.cpp, line 805]
Event: 14.287 Thread 0x000001ba552293e0 Exception <a 'java/lang/NoSuchMethodError'{0x00000007ff510df8}: 'long java.lang.invoke.DirectMethodHandle$Holder.invokeSpecial(java.lang.Object, java.lang.Object, java.lang.Object)'> (0x00000007ff510df8) 
thrown [s\open\src\hotspot\share\interpreter\linkResolver.cpp, line 805]
Event: 14.289 Thread 0x000001ba552293e0 Exception <a 'java/lang/NoSuchMethodError'{0x00000007ff555080}: 'java.lang.Object java.lang.invoke.DelegatingMethodHandle$Holder.reinvoke_L(java.lang.Object, java.lang.Object, java.lang.Object, java.lang.Object, java.lang.Object, java.lang.Object, java.lang.Object, java.lang.Object, java.lang.Object, java.lang.Object, java.lang.Object, java.lang.Object, java.lang.Object, java.lang.Object, int, java.lang.Object, java.lang.Object, java.lang.Object, java.lang.Object, java.lang.Object, java.lang.Object, java.l
Event: 14.292 Thread 0x000001ba552293e0 Exception <a 'java/lang/NoSuchMethodError'{0x00000007ff5cf410}: 'java.lang.Object java.lang.invoke.DirectMethodHandle$Holder.invokeStatic(java.lang.Object, java.lang.Object, java.lang.Object, java.lang.Object, java.lang.Object, java.lang.Object, java.lang.Object, java.lang.Object, java.lang.Object, java.lang.Object, java.lang.Object, java.lang.Object, java.lang.Object)'> (0x00000007ff5cf410) 
thrown [s\open\src\hotspot\share\interpreter\linkResolver.cpp, line 805]
Event: 14.293 Thread 0x000001ba552293e0 Exception <a 'java/lang/NoSuchMethodError'{0x00000007ff5fa510}: 'java.lang.Object java.lang.invoke.DirectMethodHandle$Holder.invokeStatic(java.lang.Object, java.lang.Object, java.lang.Object, java.lang.Object, java.lang.Object, java.lang.Object, java.lang.Object, java.lang.Object, java.lang.Object, java.lang.Object, java.lang.Object, java.lang.Object, java.lang.Object, java.lang.Object)'> (0x00000007ff5fa510) 
thrown [s\open\src\hotspot\share\interpreter\linkResolver.cpp, line 805]
Event: 14.294 Thread 0x000001ba552293e0 Exception <a 'java/lang/NoSuchMethodError'{0x000000071361fe90}: 'java.lang.Object java.lang.invoke.DelegatingMethodHandle$Holder.reinvoke_L(java.lang.Object, java.lang.Object, java.lang.Object, java.lang.Object, java.lang.Object, java.lang.Object, java.lang.Object, java.lang.Object, java.lang.Object, java.lang.Object, java.lang.Object, java.lang.Object, java.lang.Object, java.lang.Object, java.lang.Object, java.lang.Object, java.lang.Object, java.lang.Object, java.lang.Object, java.lang.Object, java.lang.O
Event: 14.365 Thread 0x000001ba58d3a890 Exception <a 'java/lang/NoSuchMethodError'{0x000000070f8153f0}: 'long java.lang.invoke.DelegatingMethodHandle$Holder.reinvoke_L(java.lang.Object, java.lang.Object)'> (0x000000070f8153f0) 
thrown [s\open\src\hotspot\share\interpreter\linkResolver.cpp, line 805]
Event: 14.388 Thread 0x000001ba552293e0 Exception <a 'java/lang/IncompatibleClassChangeError'{0x000000070f8dbcf8}: Found class java.lang.Object, but interface was expected> (0x000000070f8dbcf8) 
thrown [s\open\src\hotspot\share\interpreter\linkResolver.cpp, line 872]

VM Operations (20 events):
Event: 60.019 Executing VM operation: RendezvousGCThreads
Event: 60.019 Executing VM operation: RendezvousGCThreads done
Event: 1122.118 Executing VM operation: G1CollectForAllocation (G1 Evacuation Pause)
Event: 1122.121 Executing VM operation: G1CollectForAllocation (G1 Evacuation Pause) done
Event: 2035.458 Executing VM operation: G1CollectForAllocation (G1 Evacuation Pause)
Event: 2035.461 Executing VM operation: G1CollectForAllocation (G1 Evacuation Pause) done
Event: 2035.505 Executing VM operation: G1PauseRemark
Event: 2035.510 Executing VM operation: G1PauseRemark done
Event: 2035.524 Executing VM operation: G1PauseCleanup
Event: 2035.524 Executing VM operation: G1PauseCleanup done
Event: 3058.237 Executing VM operation: G1CollectForAllocation (G1 Evacuation Pause)
Event: 3058.239 Executing VM operation: G1CollectForAllocation (G1 Evacuation Pause) done
Event: 3946.721 Executing VM operation: G1CollectForAllocation (G1 Evacuation Pause)
Event: 3946.725 Executing VM operation: G1CollectForAllocation (G1 Evacuation Pause) done
Event: 4872.859 Executing VM operation: G1CollectForAllocation (G1 Evacuation Pause)
Event: 4872.862 Executing VM operation: G1CollectForAllocation (G1 Evacuation Pause) done
Event: 4872.908 Executing VM operation: G1PauseRemark
Event: 4872.975 Executing VM operation: G1PauseRemark done
Event: 4872.993 Executing VM operation: G1PauseCleanup
Event: 4872.993 Executing VM operation: G1PauseCleanup done

Memory protections (0 events):
No events

Nmethod flushes (20 events):
Event: 4872.972 Thread 0x000001ba7d3a9080 flushing  nmethod 0x000001ba00a44088
Event: 4872.972 Thread 0x000001ba7d3a9080 flushing  nmethod 0x000001ba00a66a88
Event: 4872.972 Thread 0x000001ba7d3a9080 flushing  nmethod 0x000001ba00a66d88
Event: 4872.972 Thread 0x000001ba7d3a9080 flushing  nmethod 0x000001ba00a67108
Event: 4872.972 Thread 0x000001ba7d3a9080 flushing  nmethod 0x000001ba00a67488
Event: 4872.973 Thread 0x000001ba7d3a9080 flushing  nmethod 0x000001ba00a67808
Event: 4872.973 Thread 0x000001ba7d3a9080 flushing  nmethod 0x000001ba00a67b08
Event: 4872.973 Thread 0x000001ba7d3a9080 flushing  nmethod 0x000001ba00a68888
Event: 4872.973 Thread 0x000001ba7d3a9080 flushing  nmethod 0x000001ba00a68c08
Event: 4872.973 Thread 0x000001ba7d3a9080 flushing  nmethod 0x000001ba00a69088
Event: 4872.973 Thread 0x000001ba7d3a9080 flushing  nmethod 0x000001ba00a69388
Event: 4872.973 Thread 0x000001ba7d3a9080 flushing  nmethod 0x000001ba00a6a388
Event: 4872.973 Thread 0x000001ba7d3a9080 flushing  nmethod 0x000001ba00a6a908
Event: 4872.973 Thread 0x000001ba7d3a9080 flushing  nmethod 0x000001ba00ab1908
Event: 4872.973 Thread 0x000001ba7d3a9080 flushing  nmethod 0x000001ba00ab4c08
Event: 4872.973 Thread 0x000001ba7d3a9080 flushing  nmethod 0x000001ba00ab5188
Event: 4872.973 Thread 0x000001ba7d3a9080 flushing  nmethod 0x000001ba00ab5508
Event: 4872.973 Thread 0x000001ba7d3a9080 flushing  nmethod 0x000001ba00ab5a88
Event: 4872.973 Thread 0x000001ba7d3a9080 flushing  nmethod 0x000001ba00ab6188
Event: 4872.973 Thread 0x000001ba7d3a9080 flushing  nmethod 0x000001ba00ab6708

Events (20 events):
Event: 4772.986 Thread 0x000001ba58d350d0 Thread added: 0x000001ba58d36e10
Event: 4772.988 Thread 0x000001ba58d36e10 Thread added: 0x000001ba58d37cb0
Event: 4777.998 Thread 0x000001ba58d36e10 Thread exited: 0x000001ba58d36e10
Event: 4778.060 Thread 0x000001ba58d37cb0 Thread exited: 0x000001ba58d37cb0
Event: 4801.000 Thread 0x000001ba58d350d0 Thread added: 0x000001ba58d36e10
Event: 4801.003 Thread 0x000001ba58d36e10 Thread added: 0x000001ba58d37cb0
Event: 4806.004 Thread 0x000001ba58d36e10 Thread exited: 0x000001ba58d36e10
Event: 4806.058 Thread 0x000001ba58d37cb0 Thread exited: 0x000001ba58d37cb0
Event: 4833.340 Thread 0x000001ba58d350d0 Thread added: 0x000001ba58d36e10
Event: 4833.342 Thread 0x000001ba58d36e10 Thread added: 0x000001ba58d37cb0
Event: 4838.343 Thread 0x000001ba58d36e10 Thread exited: 0x000001ba58d36e10
Event: 4838.393 Thread 0x000001ba58d37cb0 Thread exited: 0x000001ba58d37cb0
Event: 4939.921 Thread 0x000001ba58d350d0 Thread added: 0x000001ba58d36e10
Event: 4939.923 Thread 0x000001ba58d36e10 Thread added: 0x000001ba58d37cb0
Event: 4944.927 Thread 0x000001ba58d36e10 Thread exited: 0x000001ba58d36e10
Event: 4944.989 Thread 0x000001ba58d37cb0 Thread exited: 0x000001ba58d37cb0
Event: 5089.583 Thread 0x000001ba58d350d0 Thread added: 0x000001ba58d37cb0
Event: 5089.585 Thread 0x000001ba58d37cb0 Thread added: 0x000001ba58d36e10
Event: 5094.589 Thread 0x000001ba58d37cb0 Thread exited: 0x000001ba58d37cb0
Event: 5094.651 Thread 0x000001ba58d36e10 Thread exited: 0x000001ba58d36e10


Dynamic libraries:
0x00007ff79c8b0000 - 0x00007ff79c8be000 	C:\Users\Windows\.jdks\openjdk-24.0.1\bin\java.exe
0x00007ff8e4940000 - 0x00007ff8e4ba8000 	C:\Windows\SYSTEM32\ntdll.dll
0x00007ff8e3470000 - 0x00007ff8e3539000 	C:\Windows\System32\KERNEL32.DLL
0x00007ff8e1ce0000 - 0x00007ff8e20d8000 	C:\Windows\System32\KERNELBASE.dll
0x00007ff8e22f0000 - 0x00007ff8e243b000 	C:\Windows\System32\ucrtbase.dll
0x00007ff8cda90000 - 0x00007ff8cdaa6000 	C:\Users\Windows\.jdks\openjdk-24.0.1\bin\jli.dll
0x00007ff8e28c0000 - 0x00007ff8e2a87000 	C:\Windows\System32\USER32.dll
0x00007ff8e1b40000 - 0x00007ff8e1b67000 	C:\Windows\System32\win32u.dll
0x00007ff8e3440000 - 0x00007ff8e346b000 	C:\Windows\System32\GDI32.dll
0x00007ff8e2500000 - 0x00007ff8e262c000 	C:\Windows\System32\gdi32full.dll
0x00007ff8cc570000 - 0x00007ff8cc58b000 	C:\Users\Windows\.jdks\openjdk-24.0.1\bin\VCRUNTIME140.dll
0x00007ff8e2630000 - 0x00007ff8e26d3000 	C:\Windows\System32\msvcp_win.dll
0x00007ff8ca610000 - 0x00007ff8ca8a4000 	C:\Windows\WinSxS\amd64_microsoft.windows.common-controls_6595b64144ccf1df_6.0.26100.7019_none_3e06ffa0e335b8a8\COMCTL32.dll
0x00007ff8e3310000 - 0x00007ff8e33b9000 	C:\Windows\System32\msvcrt.dll
0x00007ff8e48c0000 - 0x00007ff8e48f1000 	C:\Windows\System32\IMM32.DLL
0x00007ff8d1790000 - 0x00007ff8d179c000 	C:\Users\Windows\.jdks\openjdk-24.0.1\bin\vcruntime140_1.dll
0x00007ff8c3020000 - 0x00007ff8c30ae000 	C:\Users\Windows\.jdks\openjdk-24.0.1\bin\msvcp140.dll
0x00007ff87df00000 - 0x00007ff87eca2000 	C:\Users\Windows\.jdks\openjdk-24.0.1\bin\server\jvm.dll
0x00007ff8e2a90000 - 0x00007ff8e2b44000 	C:\Windows\System32\ADVAPI32.dll
0x00007ff8e3b00000 - 0x00007ff8e3ba6000 	C:\Windows\System32\sechost.dll
0x00007ff8e4670000 - 0x00007ff8e4788000 	C:\Windows\System32\RPCRT4.dll
0x00007ff8e4820000 - 0x00007ff8e4894000 	C:\Windows\System32\WS2_32.dll
0x00007ff8e18f0000 - 0x00007ff8e194e000 	C:\Windows\SYSTEM32\POWRPROF.dll
0x00007ff8ce480000 - 0x00007ff8ce4b5000 	C:\Windows\SYSTEM32\WINMM.dll
0x00007ff8d0bb0000 - 0x00007ff8d0bbb000 	C:\Windows\SYSTEM32\VERSION.dll
0x00007ff8e18d0000 - 0x00007ff8e18e4000 	C:\Windows\SYSTEM32\UMPDC.dll
0x00007ff8e0810000 - 0x00007ff8e082b000 	C:\Windows\SYSTEM32\kernel.appcore.dll
0x00007ff8cf290000 - 0x00007ff8cf29a000 	C:\Users\Windows\.jdks\openjdk-24.0.1\bin\jimage.dll
0x00007ff8ded10000 - 0x00007ff8def52000 	C:\Windows\SYSTEM32\DBGHELP.DLL
0x00007ff8e2d50000 - 0x00007ff8e30db000 	C:\Windows\System32\combase.dll
0x00007ff8e3c80000 - 0x00007ff8e3d57000 	C:\Windows\System32\OLEAUT32.dll
0x00007ff8cda00000 - 0x00007ff8cda3c000 	C:\Windows\SYSTEM32\dbgcore.DLL
0x00007ff8e1a90000 - 0x00007ff8e1b35000 	C:\Windows\System32\bcryptPrimitives.dll
0x00007ff8cb6d0000 - 0x00007ff8cb6df000 	C:\Users\Windows\.jdks\openjdk-24.0.1\bin\instrument.dll
0x00007ff8cb6e0000 - 0x00007ff8cb6fe000 	C:\Users\Windows\.jdks\openjdk-24.0.1\bin\java.dll
0x00007ff8e3d60000 - 0x00007ff8e3ef7000 	C:\Windows\System32\ole32.dll
0x00007ff8e3f00000 - 0x00007ff8e464f000 	C:\Windows\System32\SHELL32.dll
0x00007ff8e1b70000 - 0x00007ff8e1cdb000 	C:\Windows\System32\wintypes.dll
0x00007ff8df670000 - 0x00007ff8dfecd000 	C:\Windows\SYSTEM32\windows.storage.dll
0x00007ff8e39f0000 - 0x00007ff8e3ae2000 	C:\Windows\System32\SHCORE.dll
0x00007ff8e2be0000 - 0x00007ff8e2c47000 	C:\Windows\System32\shlwapi.dll
0x00007ff8e19b0000 - 0x00007ff8e19d9000 	C:\Windows\SYSTEM32\profapi.dll
0x00007ff8bd840000 - 0x00007ff8bd917000 	C:\Users\Windows\.jdks\openjdk-24.0.1\bin\jsvml.dll
0x00007ff8be740000 - 0x00007ff8be757000 	C:\Users\Windows\.jdks\openjdk-24.0.1\bin\zip.dll
0x00007ff8cc560000 - 0x00007ff8cc570000 	C:\Users\Windows\.jdks\openjdk-24.0.1\bin\net.dll
0x00007ff8e0d60000 - 0x00007ff8e0dcb000 	C:\Windows\system32\mswsock.dll
0x00007ff8be760000 - 0x00007ff8be776000 	C:\Users\Windows\.jdks\openjdk-24.0.1\bin\nio.dll
0x00007ff8be730000 - 0x00007ff8be739000 	C:\Users\Windows\.jdks\openjdk-24.0.1\bin\extnet.dll
0x00007ff8be720000 - 0x00007ff8be72a000 	C:\Users\Windows\.jdks\openjdk-24.0.1\bin\management.dll
0x00007ff8be710000 - 0x00007ff8be71b000 	C:\Users\Windows\.jdks\openjdk-24.0.1\bin\management_ext.dll
0x00007ff8e48b0000 - 0x00007ff8e48b8000 	C:\Windows\System32\PSAPI.DLL
0x00007ff8e02f0000 - 0x00007ff8e041c000 	C:\Windows\SYSTEM32\DNSAPI.dll
0x00007ff8e02b0000 - 0x00007ff8e02e4000 	C:\Windows\SYSTEM32\IPHLPAPI.DLL
0x00007ff8e4660000 - 0x00007ff8e466a000 	C:\Windows\System32\NSI.dll
0x00007ff8d0aa0000 - 0x00007ff8d0aab000 	C:\Windows\System32\rasadhlp.dll
0x00007ff8d8580000 - 0x00007ff8d8606000 	C:\Windows\System32\fwpuclnt.dll
0x00007ff8c3010000 - 0x00007ff8c301e000 	C:\Users\Windows\.jdks\openjdk-24.0.1\bin\sunmscapi.dll
0x00007ff8e20e0000 - 0x00007ff8e2257000 	C:\Windows\System32\CRYPT32.dll
0x00007ff8e12a0000 - 0x00007ff8e12d0000 	C:\Windows\SYSTEM32\ncrypt.dll
0x00007ff8e1250000 - 0x00007ff8e128f000 	C:\Windows\SYSTEM32\NTASN1.dll
0x00007ff8e1150000 - 0x00007ff8e116b000 	C:\Windows\SYSTEM32\CRYPTSP.dll
0x00007ff8e0770000 - 0x00007ff8e07aa000 	C:\Windows\system32\rsaenh.dll
0x00007ff8e0e10000 - 0x00007ff8e0e3b000 	C:\Windows\SYSTEM32\USERENV.dll
0x00007ff8e1980000 - 0x00007ff8e19aa000 	C:\Windows\SYSTEM32\bcrypt.dll
0x00007ff8e1130000 - 0x00007ff8e113c000 	C:\Windows\SYSTEM32\CRYPTBASE.dll
0x00007ff8d92f0000 - 0x00007ff8d9300000 	C:\Users\Windows\.jdks\openjdk-24.0.1\bin\verify.dll
0x00007ff8b5e00000 - 0x00007ff8b5e08000 	C:\Windows\system32\wshunix.dll

JVMTI agents:
C:\Program Files\JetBrains\IntelliJ IDEA Community Edition 2025.1\lib\idea_rt.jar path:C:\Users\Windows\.jdks\openjdk-24.0.1\bin\instrument.dll, loaded, initialized, instrumentlib options:55250

dbghelp: loaded successfully - version: 4.0.5 - missing functions: none
symbol engine: initialized successfully - sym options: 0x614 - pdb path: .;C:\Users\Windows\.jdks\openjdk-24.0.1\bin;C:\Windows\SYSTEM32;C:\Windows\WinSxS\amd64_microsoft.windows.common-controls_6595b64144ccf1df_6.0.26100.7019_none_3e06ffa0e335b8a8;C:\Users\Windows\.jdks\openjdk-24.0.1\bin\server

VM Arguments:
jvm_args: -javaagent:C:\Program Files\JetBrains\IntelliJ IDEA Community Edition 2025.1\lib\idea_rt.jar=55250 -Dfile.encoding=UTF-8 -Dsun.stdout.encoding=UTF-8 -Dsun.stderr.encoding=UTF-8 
java_command: com.bankapp.cards.CardsApplication
java_class_path (initial): D:\PROJECT\Banking_Microservice\cards\target\classes;C:\Users\Windows\.m2\repository\org\springframework\boot\spring-boot-starter-actuator\4.0.0\spring-boot-starter-actuator-4.0.0.jar;C:\Users\Windows\.m2\repository\org\springframework\boot\spring-boot-starter\4.0.0\spring-boot-starter-4.0.0.jar;C:\Users\Windows\.m2\repository\org\springframework\boot\spring-boot-starter-logging\4.0.0\spring-boot-starter-logging-4.0.0.jar;C:\Users\Windows\.m2\repository\ch\qos\logback\logback-classic\1.5.21\logback-classic-1.5.21.jar;C:\Users\Windows\.m2\repository\ch\qos\logback\logback-core\1.5.21\logback-core-1.5.21.jar;C:\Users\Windows\.m2\repository\org\apache\logging\log4j\log4j-to-slf4j\2.25.2\log4j-to-slf4j-2.25.2.jar;C:\Users\Windows\.m2\repository\org\apache\logging\log4j\log4j-api\2.25.2\log4j-api-2.25.2.jar;C:\Users\Windows\.m2\repository\org\slf4j\jul-to-slf4j\2.0.17\jul-to-slf4j-2.0.17.jar;C:\Users\Windows\.m2\repository\jakarta\annotation\jakarta.annotation-api\3.0.0\jakarta.annotation-api-3.0.0.jar;C:\Users\Windows\.m2\repository\org\yaml\snakeyaml\2.5\snakeyaml-2.5.jar;C:\Users\Windows\.m2\repository\org\springframework\boot\spring-boot-starter-micrometer-metrics\4.0.0\spring-boot-starter-micrometer-metrics-4.0.0.jar;C:\Users\Windows\.m2\repository\org\springframework\boot\spring-boot-micrometer-metrics\4.0.0\spring-boot-micrometer-metrics-4.0.0.jar;C:\Users\Windows\.m2\repository\org\springframework\boot\spring-boot-micrometer-observation\4.0.0\spring-boot-micrometer-observation-4.0.0.jar;C:\Users\Windows\.m2\repository\org\springframework\boot\spring-boot-actuator-autoconfigure\4.0.0\spring-boot-actuator-autoconfigure-4.0.0.jar;C:\Users\Windows\.m2\repository\org\springframework\boot\spring-boot-actuator\4.0.0\spring-boot-actuator-4.0.0.jar;C:\Users\Windows\.m2\repository\org\springframework\boot\spring-boot-health\4.0.0\spring-boot-health-4.0.0.jar;C:\Users\Windows\.m2\repository\io\micrometer\micrometer-observation\1.16.0\micrometer-observation-1.16.0.jar;C:\Users\Windows\.m2\repository\org\jspecify\jspecify\1.0.0\jspecify-1.0.0.jar;C:\Users\Windows\.m2\repository\io\micrometer\micrometer-commons\1.16.0\micrometer-commons-1.16.0.jar;C:\Users\Windows\.m2\repository\io\micrometer\micrometer-jakarta9\1.16.0\micrometer-jakarta9-1.16.0.jar;C:\Users\Windows\.m2\repository\io\micrometer\micrometer-core\1.16.0\micrometer-core-1.16.0.jar;C:\Users\Windows\.m2\repository\org\hdrhistogram\HdrHistogram\2.2.2\HdrHistogram-2.2.2.jar;C:\Users\Windows\.m2\repository\org\latencyutils\LatencyUtils\2.0.3\LatencyUtils-2.0.3.jar;C:\Users\Windows\.m2\repository\org\springframework\boot\spring-boot-starter-data-jpa\4.0.0\spring-boot-starter-data-jpa-4.0.0.jar;C:\Users\Windows\.m2\repository\org\springframework\boot\spring-boot-starter-jdbc\4.0.0\spring-boot-starter-jdbc-4.0.0.jar;C:\Users\Windows\.m2\repository\com\zaxxer\HikariCP\7.0.2\HikariCP-7.0.2.jar;C:\Users\Windows\.m2\repository\org\springframework\boot\spring-boot-data-jpa\4.0.0\spring-boot-data-jpa-4.0.0.jar;C:\Users\Windows\.m2\repository\org\springframework\boot\spring-boot-data-commons\4.0.0\spring-boot-data-commons-4.0.0.jar;C:\Users\Windows\.m2\repository\org\springframework\boot\spring-boot-persistence\4.0.0\spring-boot-persistence-4.0.0.jar;C:\Users\Windows\.m2\repository\org\springframework\data\spring-data-commons\4.0.0\spring-data-commons-4.0.0.jar;C:\Users\Windows\.m2\repository\org\springframework\boot\spring-boot-hibernate\4.0.0\spring-boot-hibernate-4.0.0.jar;C:\Users\Windows\.m2\repository\org\springframework\boot\spring-boot-jpa\4.0.0\spring-boot-jpa-4.0.0.jar;C:\Users\Windows\.m2\repository\jakarta\persistence\jakarta.persistence-api\3.2.0\jakarta.persistence-api-3.2.0.jar;C:\Users\Windows\.m2\repository\org\hibernate\orm\hibernate-core\7.1.8.Final\hibernate-core-7.1.8.Final.jar;C:\Users\Windows\.m2\repository\jakarta\transaction\jakarta.transaction-api\2.0.1\jakarta.transaction-api-2.0.1.jar;C:\Users\Windows\.m2\repository\org\hibernate\models\hibernate-models\1.0.1\hibernate-models-1.0.1.jar;C:\Users\Windows\.m2\repository\org\glassfish\jaxb\jaxb-runtime\4.0.6\jaxb-runtime-4.0.6.jar;C:\Users\Windows\.m2\repository\org\glassfish\jaxb\jaxb-core\4.0.6\jaxb-core-4.0.6.jar;C:\Users\Windows\.m2\repository\org\eclipse\angus\angus-activation\2.0.3\angus-activation-2.0.3.jar;C:\Users\Windows\.m2\repository\org\glassfish\jaxb\txw2\4.0.6\txw2-4.0.6.jar;C:\Users\Windows\.m2\repository\com\sun\istack\istack-commons-runtime\4.1.2\istack-commons-runtime-4.1.2.jar;C:\Users\Windows\.m2\repository\org\springframework\spring-orm\7.0.1\spring-orm-7.0.1.jar;C:\Users\Windows\.m2\repository\org\springframework\data\spring-data-jpa\4.0.0\spring-data-jpa-4.0.0.jar;C:\Users\Windows\.m2\repository\org\springframework\spring-aop\7.0.1\spring-aop-7.0.1.jar;C:\Users\Windows\.m2\repository\org\springframework\spring-tx\7.0.1\spring-tx-7.0.1.jar;C:\Users\Windows\.m2\repository\org\antlr\antlr4-runtime\4.13.2\antlr4-runtime-4.13.2.jar;C:\Users\Windows\.m2\repository\org\springframework\spring-aspects\7.0.1\spring-aspects-7.0.1.jar;C:\Users\Windows\.m2\repository\org\aspectj\aspectjweaver\1.9.25\aspectjweaver-1.9.25.jar;C:\Users\Windows\.m2\repository\org\springframework\boot\spring-boot-jdbc\4.0.0\spring-boot-jdbc-4.0.0.jar;C:\Users\Windows\.m2\repository\org\springframework\boot\spring-boot-sql\4.0.0\spring-boot-sql-4.0.0.jar;C:\Users\Windows\.m2\repository\org\springframework\boot\spring-boot-transaction\4.0.0\spring-boot-transaction-4.0.0.jar;C:\Users\Windows\.m2\repository\org\springframework\spring-jdbc\7.0.1\spring-jdbc-7.0.1.jar;C:\Users\Windows\.m2\repository\org\springframework\boot\spring-boot-starter-validation\4.0.0\spring-boot-starter-validation-4.0.0.jar;C:\Users\Windows\.m2\repository\org\springframework\boot\spring-boot-validation\4.0.0\spring-boot-validation-4.0.0.jar;C:\Users\Windows\.m2\repository\org\apache\tomcat\embed\tomcat-embed-el\11.0.14\tomcat-embed-el-11.0.14.jar;C:\Users\Windows\.m2\repository\org\hibernate\validator\hibernate-validator\9.0.1.Final\hibernate-validator-9.0.1.Final.jar;C:\Users\Windows\.m2\repository\jakarta\validation\jakarta.validation-api\3.1.1\jakarta.validation-api-3.1.1.jar;C:\Users\Windows\.m2\repository\org\jboss\logging\jboss-logging\3.6.1.Final\jboss-logging-3.6.1.Final.jar;C:\Users\Windows\.m2\repository\com\fasterxml\classmate\1.7.1\classmate-1.7.1.jar;C:\Users\Windows\.m2\repository\org\springframework\boot\spring-boot-starter-webmvc\4.0.0\spring-boot-starter-webmvc-4.0.0.jar;C:\Users\Windows\.m2\repository\org\springframework\boot\spring-boot-starter-jackson\4.0.0\spring-boot-starter-jackson-4.0.0.jar;C:\Users\Windows\.m2\repository\org\springframework\boot\spring-boot-jackson\4.0.0\spring-boot-jackson-4.0.0.jar;C:\Users\Windows\.m2\repository\org\springframework\boot\spring-boot-starter-tomcat\4.0.0\spring-boot-starter-tomcat-4.0.0.jar;C:\Users\Windows\.m2\repository\org\springframework\boot\spring-boot-starter-tomcat-runtime\4.0.0\spring-boot-starter-tomcat-runtime-4.0.0.jar;C:\Users\Windows\.m2\repository\org\apache\tomcat\embed\tomcat-embed-core\11.0.14\tomcat-embed-core-11.0.14.jar;C:\Users\Windows\.m2\repository\org\apache\tomcat\embed\tomcat-embed-websocket\11.0.14\tomcat-embed-websocket-11.0.14.jar;C:\Users\Windows\.m2\repository\org\springframework\boot\spring-boot-tomcat\4.0.0\spring-boot-tomcat-4.0.0.jar;C:\Users\Windows\.m2\repository\org\springframework\boot\spring-boot-http-converter\4.0.0\spring-boot-http-converter-4.0.0.jar;C:\Users\Windows\.m2\repository\org\springframework\boot\spring-boot-webmvc\4.0.0\spring-boot-webmvc-4.0.0.jar;C:\Users\Windows\.m2\repository\org\springframework\boot\spring-boot-servlet\4.0.0\spring-boot-servlet-4.0.0.jar;C:\Users\Windows\.m2\repository\org\springframework\spring-webmvc\7.0.1\spring-webmvc-7.0.1.jar;C:\Users\Windows\.m2\repository\org\springframework\spring-expression\7.0.1\spring-expression-7.0.1.jar;C:\Users\Windows\.m2\repository\com\mysql\mysql-connector-j\9.5.0\mysql-connector-j-9.5.0.jar;C:\Users\Windows\.m2\repository\org\springframework\boot\spring-boot-devtools\4.0.0\spring-boot-devtools-4.0.0.jar;C:\Users\Windows\.m2\repository\org\springframework\boot\spring-boot\4.0.0\spring-boot-4.0.0.jar;C:\Users\Windows\.m2\repository\org\springframework\spring-core\7.0.1\spring-core-7.0.1.jar;C:\Users\Windows\.m2\repository\commons-logging\commons-logging\1.3.5\commons-logging-1.3.5.jar;C:\Users\Windows\.m2\repository\org\springframework\spring-context\7.0.1\spring-context-7.0.1.jar;C:\Users\Windows\.m2\repository\org\springframework\boot\spring-boot-autoconfigure\4.0.0\spring-boot-autoconfigure-4.0.0.jar;C:\Users\Windows\.m2\repository\org\springframework\cloud\spring-cloud-starter-config\5.0.4\spring-cloud-starter-config-5.0.4.jar;C:\Users\Windows\.m2\repository\org\springframework\cloud\spring-cloud-starter\5.0.2\spring-cloud-starter-5.0.2.jar;C:\Users\Windows\.m2\repository\org\springframework\cloud\spring-cloud-context\5.0.2\spring-cloud-context-5.0.2.jar;C:\Users\Windows\.m2\repository\org\bouncycastle\bcprov-jdk18on\1.81.1\bcprov-jdk18on-1.81.1.jar;C:\Users\Windows\.m2\repository\org\springframework\cloud\spring-cloud-config-client\5.0.4\spring-cloud-config-client-5.0.4.jar;C:\Users\Windows\.m2\repository\com\fasterxml\jackson\core\jackson-annotations\2.20\jackson-annotations-2.20.jar;C:\Users\Windows\.m2\repository\org\apache\httpcomponents\client5\httpclient5\5.5.1\httpclient5-5.5.1.jar;C:\Users\Windows\.m2\repository\org\apache\httpcomponents\core5\httpcore5\5.3.6\httpcore5-5.3.6.jar;C:\Users\Windows\.m2\repository\org\apache\httpcomponents\core5\httpcore5-h2\5.3.6\httpcore5-h2-5.3.6.jar;C:\Users\Windows\.m2\repository\tools\jackson\core\jackson-databind\3.0.2\jackson-databind-3.0.2.jar;C:\Users\Windows\.m2\repository\tools\jackson\core\jackson-core\3.0.2\jackson-core-3.0.2.jar;C:\Users\Windows\.m2\repository\org\springframework\cloud\spring-cloud-starter-netflix-eureka-client\5.0.2\spring-cloud-starter-netflix-eureka-client-5.0.2.jar;C:\Users\Windows\.m2\repository\org\springframework\cloud\spring-cloud-netflix-eureka-client\5.0.2\spring-cloud-netflix-eureka-client-5.0.2.jar;C:\Users\Windows\.m2\repository\org\springframework\boot\spring-boot-jackson2\4.0.0\spring-boot-jackson2-4.0.0.jar;C:\Users\Windows\.m2\repository\com\fasterxml\jackson\datatype\jackson-datatype-jdk8\2.20.1\jackson-datatype-jdk8-2.20.1.jar;C:\Users\Windows\.m2\repository\com\fasterxml\jackson\datatype\jackson-datatype-jsr310\2.20.1\jackson-datatype-jsr310-2.20.1.jar;C:\Users\Windows\.m2\repository\com\fasterxml\jackson\module\jackson-module-parameter-names\2.20.1\jackson-module-parameter-names-2.20.1.jar;C:\Users\Windows\.m2\repository\com\netflix\eureka\eureka-client\2.0.6\eureka-client-2.0.6.jar;C:\Users\Windows\.m2\repository\com\thoughtworks\xstream\xstream\1.4.21\xstream-1.4.21.jar;C:\Users\Windows\.m2\repository\io\github\x-stream\mxparser\1.2.2\mxparser-1.2.2.jar;C:\Users\Windows\.m2\repository\xmlpull\xmlpull\1.1.3.1\xmlpull-1.1.3.1.jar;C:\Users\Windows\.m2\repository\jakarta\ws\rs\jakarta.ws.rs-api\4.0.0\jakarta.ws.rs-api-4.0.0.jar;C:\Users\Windows\.m2\repository\jakarta\inject\jakarta.inject-api\2.0.1\jakarta.inject-api-2.0.1.jar;C:\Users\Windows\.m2\repository\com\netflix\spectator\spectator-api\1.7.3\spectator-api-1.7.3.jar;C:\Users\Windows\.m2\repository\org\slf4j\slf4j-api\2.0.17\slf4j-api-2.0.17.jar;C:\Users\Windows\.m2\repository\org\apache\httpcomponents\httpclient\4.5.3\httpclient-4.5.3.jar;C:\Users\Windows\.m2\repository\org\apache\httpcomponents\httpcore\4.4.16\httpcore-4.4.16.jar;C:\Users\Windows\.m2\repository\commons-codec\commons-codec\1.19.0\commons-codec-1.19.0.jar;C:\Users\Windows\.m2\repository\com\fasterxml\jackson\core\jackson-core\2.20.1\jackson-core-2.20.1.jar;C:\Users\Windows\.m2\repository\com\fasterxml\jackson\core\jackson-databind\2.20.1\jackson-databind-2.20.1.jar;C:\Users\Windows\.m2\repository\com\netflix\netflix-commons\netflix-eventbus\0.3.0\netflix-eventbus-0.3.0.jar;C:\Users\Windows\.m2\repository\com\netflix\netflix-commons\netflix-infix\0.3.0\netflix-infix-0.3.0.jar;C:\Users\Windows\.m2\repository\commons-jxpath\commons-jxpath\1.3\commons-jxpath-1.3.jar;C:\Users\Windows\.m2\repository\joda-time\joda-time\2.3\joda-time-2.3.jar;C:\Users\Windows\.m2\repository\org\antlr\antlr-runtime\3.4\antlr-runtime-3.4.jar;C:\Users\Windows\.m2\repository\org\antlr\stringtemplate\3.2.1\stringtemplate-3.2.1.jar;C:\Users\Windows\.m2\repository\antlr\antlr\2.7.7\antlr-2.7.7.jar;C:\Users\Windows\.m2\repository\com\google\code\gson\gson\2.13.2\gson-2.13.2.jar;C:\Users\Windows\.m2\repository\com\google\errorprone\error_prone_annotations\2.41.0\error_prone_annotations-2.41.0.jar;C:\Users\Windows\.m2\repository\com\netflix\servo\servo-core\0.5.3\servo-core-0.5.3.jar;C:\Users\Windows\.m2\repository\org\apache\commons\commons-math\2.2\commons-math-2.2.jar;C:\Users\Windows\.m2\repository\javax\annotation\javax.annotation-api\1.2\javax.annotation-api-1.2.jar;C:\Users\Windows\.m2\repository\org\codehaus\jettison\jettison\1.5.4\jettison-1.5.4.jar;C:\Users\Windows\.m2\repository\org\springframework\cloud\spring-cloud-starter-loadbalancer\5.0.2\spring-cloud-starter-loadbalancer-5.0.2.jar;C:\Users\Windows\.m2\repository\org\springframework\cloud\spring-cloud-loadbalancer\5.0.2\spring-cloud-loadbalancer-5.0.2.jar;C:\Users\Windows\.m2\repository\io\projectreactor\reactor-core\3.8.0\reactor-core-3.8.0.jar;C:\Users\Windows\.m2\repository\org\reactivestreams\reactive-streams\1.0.4\reactive-streams-1.0.4.jar;C:\Users\Windows\.m2\repository\io\projectreactor\addons\reactor-extra\3.6.0\reactor-extra-3.6.0.jar;C:\Users\Windows\.m2\repository\org\springframework\boot\spring-boot-starter-cache\4.0.0\spring-boot-starter-cache-4.0.0.jar;C:\Users\Windows\.m2\repository\org\springframework\boot\spring-boot-cache\4.0.0\spring-boot-cache-4.0.0.jar;C:\Users\Windows\.m2\repository\org\springframework\spring-context-support\7.0.1\spring-context-support-7.0.1.jar;C:\Users\Windows\.m2\repository\com\stoyanr\evictor\1.0.0\evictor-1.0.0.jar;C:\Users\Windows\.m2\repository\org\springframework\cloud\spring-cloud-starter-openfeign\5.0.2\spring-cloud-starter-openfeign-5.0.2.jar;C:\Users\Windows\.m2\repository\org\springframework\cloud\spring-cloud-openfeign-core\5.0.2\spring-cloud-openfeign-core-5.0.2.jar;C:\Users\Windows\.m2\repository\io\github\openfeign\feign-form-spring\13.6.1\feign-form-spring-13.6.1.jar;C:\Users\Windows\.m2\repository\org\apache\commons\commons-text\1.13.0\commons-text-1.13.0.jar;C:\Users\Windows\.m2\repository\org\apache\commons\commons-lang3\3.19.0\commons-lang3-3.19.0.jar;C:\Users\Windows\.m2\repository\io\github\openfeign\feign-form\13.6.1\feign-form-13.6.1.jar;C:\Users\Windows\.m2\repository\commons-fileupload\commons-fileupload\1.6.0\commons-fileupload-1.6.0.jar;C:\Users\Windows\.m2\repository\org\springframework\spring-web\7.0.1\spring-web-7.0.1.jar;C:\Users\Windows\.m2\repository\org\springframework\spring-beans\7.0.1\spring-beans-7.0.1.jar;C:\Users\Windows\.m2\repository\org\springframework\cloud\spring-cloud-commons\5.0.2\spring-cloud-commons-5.0.2.jar;C:\Users\Windows\.m2\repository\org\springframework\security\spring-security-crypto\7.0.0\spring-security-crypto-7.0.0.jar;C:\Users\Windows\.m2\repository\io\github\openfeign\feign-core\13.6.1\feign-core-13.6.1.jar;C:\Users\Windows\.m2\repository\io\github\openfeign\feign-slf4j\13.6.1\feign-slf4j-13.6.1.jar;C:\Users\Windows\.m2\repository\org\springframework\boot\spring-boot-h2console\4.0.0\spring-boot-h2console-4.0.0.jar;C:\Users\Windows\.m2\repository\jakarta\servlet\jakarta.servlet-api\6.1.0\jakarta.servlet-api-6.1.0.jar;C:\Users\Windows\.m2\repository\com\h2database\h2\2.4.240\h2-2.4.240.jar;C:\Users\Windows\.m2\repository\org\projectlombok\lombok\1.18.42\lombok-1.18.42.jar;C:\Users\Windows\.m2\repository\org\springdoc\springdoc-openapi-starter-webmvc-ui\2.8.14\springdoc-openapi-starter-webmvc-ui-2.8.14.jar;C:\Users\Windows\.m2\repository\org\springdoc\springdoc-openapi-starter-webmvc-api\2.8.14\springdoc-openapi-starter-webmvc-api-2.8.14.jar;C:\Users\Windows\.m2\repository\org\springdoc\springdoc-openapi-starter-common\2.8.14\springdoc-openapi-starter-common-2.8.14.jar;C:\Users\Windows\.m2\repository\io\swagger\core\v3\swagger-core-jakarta\2.2.38\swagger-core-jakarta-2.2.38.jar;C:\Users\Windows\.m2\repository\io\swagger\core\v3\swagger-annotations-jakarta\2.2.38\swagger-annotations-jakarta-2.2.38.jar;C:\Users\Windows\.m2\repository\io\swagger\core\v3\swagger-models-jakarta\2.2.38\swagger-models-jakarta-2.2.38.jar;C:\Users\Windows\.m2\repository\com\fasterxml\jackson\dataformat\jackson-dataformat-yaml\2.20.1\jackson-dataformat-yaml-2.20.1.jar;C:\Users\Windows\.m2\repository\org\webjars\swagger-ui\5.30.1\swagger-ui-5.30.1.jar;C:\Users\Windows\.m2\repository\org\webjars\webjars-locator-lite\1.1.2\webjars-locator-lite-1.1.2.jar;C:\Users\Windows\.m2\repository\jakarta\xml\bind\jakarta.xml.bind-api\4.0.4\jakarta.xml.bind-api-4.0.4.jar;C:\Users\Windows\.m2\repository\jakarta\activation\jakarta.activation-api\2.1.4\jakarta.activation-api-2.1.4.jar;C:\Users\Windows\.m2\repository\net\bytebuddy\byte-buddy\1.17.8\byte-buddy-1.17.8.jar;C:\Users\Windows\.m2\repository\org\springframework\boot\spring-boot-web-server\4.0.0\spring-boot-web-server-4.0.0.jar
Launcher Type: SUN_STANDARD

[Global flags]
     intx CICompilerCount                          = 4                                         {product} {ergonomic}
     uint ConcGCThreads                            = 2                                         {product} {ergonomic}
     uint G1ConcRefinementThreads                  = 8                                         {product} {ergonomic}
   size_t G1HeapRegionSize                         = 2097152                                   {product} {ergonomic}
   size_t InitialHeapSize                          = 266338304                                 {product} {ergonomic}
   size_t MarkStackSize                            = 4194304                                   {product} {ergonomic}
   size_t MarkStackSizeMax                         = 536870912                                 {product} {ergonomic}
   size_t MaxHeapSize                              = 4234149888                                {product} {ergonomic}
   size_t MaxNewSize                               = 2539651072                                {product} {ergonomic}
   size_t MinHeapDeltaBytes                        = 2097152                                   {product} {ergonomic}
   size_t MinHeapSize                              = 8388608                                   {product} {ergonomic}
    uintx NonNMethodCodeHeapSize                   = 5832704                                {pd product} {ergonomic}
    uintx NonProfiledCodeHeapSize                  = 122945536                              {pd product} {ergonomic}
    uintx ProfiledCodeHeapSize                     = 122880000                              {pd product} {ergonomic}
    uintx ReservedCodeCacheSize                    = 251658240                              {pd product} {ergonomic}
     bool SegmentedCodeCache                       = true                                      {product} {ergonomic}
   size_t SoftMaxHeapSize                          = 4234149888                             {manageable} {ergonomic}
     bool UseCompressedOops                        = true                           {product lp64_product} {ergonomic}
     bool UseG1GC                                  = true                                      {product} {ergonomic}
     bool UseLargePagesIndividualAllocation        = false                                  {pd product} {ergonomic}

Logging:
Log output configuration:
 #0: stdout all=warning uptime,level,tags foldmultilines=false
 #1: stderr all=off uptime,level,tags foldmultilines=false

Environment Variables:
JAVA_HOME=C:\Program Files\Eclipse Adoptium\jdk-25.0.2.10-hotspot
PATH=C:\Program Files\Eclipse Adoptium\jdk-25.0.2.10-hotspot\bin;C:\Windows\system32;C:\Windows;C:\Windows\System32\Wbem;C:\Windows\System32\WindowsPowerShell\v1.0\;C:\Windows\System32\OpenSSH\;C:\Program Files\dotnet\;C:\Program Files (x86)\Microsoft SQL Server\160\Tools\Binn\;C:\Program Files\Microsoft SQL Server\160\Tools\Binn\;C:\Program Files\Microsoft SQL Server\Client SDK\ODBC\170\Tools\Binn\;C:\Program Files\Git\cmd;C:\Program Files\Microsoft SQL Server\160\DTS\Binn\;C:\MAVEN\apache-maven-3.9.9-bin\apache-maven-3.9.9\bin;C:\GRADLE\gradle-8.14-bin\gradle-8.14\bin;D:\PHP\php-8.4.12-nts-Win32-vs17-x64;C:\Program Files\nodejs\;C:\Program Files\Docker\Docker\resources\bin;C:\ProgramData\chocolatey\bin;C:\Program Files\OpenSSL-Win64\bin;C:\Program Files (x86)\Tesseract-OCR;D:\putty\;C:\Users\Windows\.local\bin;C:\Users\Windows\AppData\Local\Programs\Python\Python313\Scripts\;C:\Users\Windows\AppData\Local\Programs\Python\Python313\;C:\Users\Windows\AppData\Local\Programs\Python\Launcher\;C:\Users\Windows\AppData\Local\Microsoft\WindowsApps;C:\Users\Windows\AppData\Local\Programs\Microsoft VS Code\bin;C:\Program Files\JetBrains\IntelliJ IDEA Community Edition 2025.1\bin;;C:\Users\Windows\AppData\Roaming\npm;C:\Users\Windows\.dotnet\tools;C:\Users\Windows\AppData\Local\Programs\Warp\bin;C:\Users\Windows\AppData\Local\Programs\Antigravity\bin;C:\Users\Windows\.lmstudio\bin
USERNAME=Windows
OS=Windows_NT
PROCESSOR_IDENTIFIER=Intel64 Family 6 Model 142 Stepping 12, GenuineIntel
TMP=C:\Users\Windows\AppData\Local\Temp
TEMP=C:\Users\Windows\AppData\Local\Temp




Periodic native trim disabled

---------------  S Y S T E M  ---------------

OS:
 Windows 11 , 64 bit Build 26100 (10.0.26100.7019)
OS uptime: 0 days 2:03 hours
Hyper-V role detected

CPU: total 8 (initial active 8) (4 cores per cpu, 2 threads per core) family 6 model 142 stepping 12 microcode 0xfc, cx8, cmov, fxsr, ht, mmx, 3dnowpref, sse, sse2, sse3, ssse3, sse4.1, sse4.2, popcnt, lzcnt, tsc, tscinvbit, avx, avx2, aes, erms, clmul, bmi1, bmi2, adx, fma, vzeroupper, clflush, clflushopt, hv, rdtscp, f16c
Processor Information for the first 8 processors :
  Max Mhz: 2112, Current Mhz: 1609, Mhz Limit: 1605

Memory: 4k page, system-wide physical 16144M (3896M free)
TotalPageFile size 18192M (AvailPageFile size 93M)
current process WorkingSet (physical memory assigned to process): 270M, peak: 338M
current process commit charge ("private bytes"): 360M, peak: 393M

vm_info: OpenJDK 64-Bit Server VM (24.0.1+9-30) for windows-amd64 JRE (24.0.1+9-30), built on 2025-03-05T07:23:45Z with MS VC++ 17.6 (VS2022)

END.
